{"C:\\Users\\ASUS\\Desktop\\UTP\\Ciclo 7\\Integrador 1\\filesv6.0.1\\server.js": {"path":"C:\\Users\\ASUS\\Desktop\\UTP\\Ciclo 7\\Integrador 1\\filesv6.0.1\\server.js","statementMap":{"0":{"start":{"line":1,"column":0},"end":{"line":1,"column":27}},"1":{"start":{"line":3,"column":16},"end":{"line":3,"column":47}},"2":{"start":{"line":5,"column":18},"end":{"line":5,"column":36}},"3":{"start":{"line":6,"column":18},"end":{"line":6,"column":33}},"4":{"start":{"line":7,"column":18},"end":{"line":7,"column":35}},"5":{"start":{"line":8,"column":18},"end":{"line":8,"column":33}},"6":{"start":{"line":9,"column":18},"end":{"line":9,"column":47}},"7":{"start":{"line":10,"column":18},"end":{"line":10,"column":35}},"8":{"start":{"line":11,"column":56},"end":{"line":11,"column":77}},"9":{"start":{"line":12,"column":67},"end":{"line":12,"column":92}},"10":{"start":{"line":14,"column":21},"end":{"line":14,"column":23}},"11":{"start":{"line":15,"column":21},"end":{"line":15,"column":22}},"12":{"start":{"line":16,"column":21},"end":{"line":16,"column":35}},"13":{"start":{"line":18,"column":12},"end":{"line":18,"column":21}},"14":{"start":{"line":20,"column":0},"end":{"line":29,"column":4}},"15":{"start":{"line":30,"column":0},"end":{"line":30,"column":78}},"16":{"start":{"line":31,"column":0},"end":{"line":31,"column":41}},"17":{"start":{"line":34,"column":25},"end":{"line":34,"column":71}},"18":{"start":{"line":35,"column":28},"end":{"line":39,"column":2}},"19":{"start":{"line":40,"column":0},"end":{"line":45,"column":3}},"20":{"start":{"line":41,"column":12},"end":{"line":41,"column":20}},"21":{"start":{"line":42,"column":2},"end":{"line":43,"column":33}},"22":{"start":{"line":42,"column":63},"end":{"line":42,"column":78}},"23":{"start":{"line":43,"column":4},"end":{"line":43,"column":33}},"24":{"start":{"line":44,"column":2},"end":{"line":44,"column":9}},"25":{"start":{"line":46,"column":0},"end":{"line":46,"column":35}},"26":{"start":{"line":49,"column":20},"end":{"line":53,"column":2}},"27":{"start":{"line":54,"column":0},"end":{"line":54,"column":34}},"28":{"start":{"line":56,"column":21},"end":{"line":60,"column":2}},"29":{"start":{"line":61,"column":0},"end":{"line":61,"column":40}},"30":{"start":{"line":62,"column":0},"end":{"line":62,"column":40}},"31":{"start":{"line":65,"column":18},"end":{"line":69,"column":2}},"32":{"start":{"line":70,"column":0},"end":{"line":70,"column":30}},"33":{"start":{"line":72,"column":0},"end":{"line":72,"column":77}},"34":{"start":{"line":72,"column":27},"end":{"line":72,"column":75}},"35":{"start":{"line":75,"column":0},"end":{"line":85,"column":3}},"36":{"start":{"line":76,"column":17},"end":{"line":76,"column":49}},"37":{"start":{"line":77,"column":2},"end":{"line":84,"column":3}},"38":{"start":{"line":78,"column":17},"end":{"line":78,"column":48}},"39":{"start":{"line":79,"column":4},"end":{"line":80,"column":31}},"40":{"start":{"line":79,"column":10},"end":{"line":79,"column":52}},"41":{"start":{"line":80,"column":14},"end":{"line":80,"column":29}},"42":{"start":{"line":82,"column":4},"end":{"line":82,"column":55}},"43":{"start":{"line":83,"column":4},"end":{"line":83,"column":70}},"44":{"start":{"line":87,"column":0},"end":{"line":101,"column":3}},"45":{"start":{"line":88,"column":17},"end":{"line":88,"column":41}},"46":{"start":{"line":89,"column":2},"end":{"line":89,"column":71}},"47":{"start":{"line":89,"column":15},"end":{"line":89,"column":71}},"48":{"start":{"line":90,"column":15},"end":{"line":90,"column":23}},"49":{"start":{"line":91,"column":2},"end":{"line":92,"column":75}},"50":{"start":{"line":92,"column":4},"end":{"line":92,"column":75}},"51":{"start":{"line":93,"column":2},"end":{"line":100,"column":3}},"52":{"start":{"line":94,"column":17},"end":{"line":94,"column":48}},"53":{"start":{"line":95,"column":4},"end":{"line":96,"column":31}},"54":{"start":{"line":95,"column":10},"end":{"line":95,"column":47}},"55":{"start":{"line":95,"column":48},"end":{"line":95,"column":71}},"56":{"start":{"line":96,"column":14},"end":{"line":96,"column":29}},"57":{"start":{"line":98,"column":4},"end":{"line":98,"column":60}},"58":{"start":{"line":99,"column":4},"end":{"line":99,"column":75}},"59":{"start":{"line":105,"column":17},"end":{"line":105,"column":41}},"60":{"start":{"line":106,"column":2},"end":{"line":106,"column":71}},"61":{"start":{"line":106,"column":15},"end":{"line":106,"column":71}},"62":{"start":{"line":107,"column":2},"end":{"line":117,"column":3}},"63":{"start":{"line":108,"column":17},"end":{"line":108,"column":48}},"64":{"start":{"line":109,"column":4},"end":{"line":114,"column":33}},"65":{"start":{"line":110,"column":21},"end":{"line":110,"column":88}},"66":{"start":{"line":111,"column":6},"end":{"line":112,"column":66}},"67":{"start":{"line":112,"column":8},"end":{"line":112,"column":66}},"68":{"start":{"line":113,"column":6},"end":{"line":113,"column":13}},"69":{"start":{"line":114,"column":16},"end":{"line":114,"column":31}},"70":{"start":{"line":116,"column":4},"end":{"line":116,"column":58}},"71":{"start":{"line":121,"column":0},"end":{"line":152,"column":3}},"72":{"start":{"line":122,"column":2},"end":{"line":151,"column":3}},"73":{"start":{"line":123,"column":17},"end":{"line":123,"column":48}},"74":{"start":{"line":124,"column":4},"end":{"line":147,"column":33}},"75":{"start":{"line":125,"column":25},"end":{"line":131,"column":8}},"76":{"start":{"line":132,"column":24},"end":{"line":145,"column":8}},"77":{"start":{"line":146,"column":6},"end":{"line":146,"column":36}},"78":{"start":{"line":147,"column":16},"end":{"line":147,"column":31}},"79":{"start":{"line":149,"column":4},"end":{"line":149,"column":53}},"80":{"start":{"line":150,"column":4},"end":{"line":150,"column":58}},"81":{"start":{"line":155,"column":0},"end":{"line":173,"column":3}},"82":{"start":{"line":156,"column":2},"end":{"line":172,"column":3}},"83":{"start":{"line":157,"column":17},"end":{"line":157,"column":48}},"84":{"start":{"line":158,"column":4},"end":{"line":169,"column":33}},"85":{"start":{"line":159,"column":21},"end":{"line":163,"column":8}},"86":{"start":{"line":164,"column":6},"end":{"line":168,"column":11}},"87":{"start":{"line":164,"column":30},"end":{"line":168,"column":7}},"88":{"start":{"line":169,"column":16},"end":{"line":169,"column":31}},"89":{"start":{"line":171,"column":4},"end":{"line":171,"column":58}},"90":{"start":{"line":176,"column":0},"end":{"line":191,"column":3}},"91":{"start":{"line":177,"column":21},"end":{"line":177,"column":35}},"92":{"start":{"line":178,"column":2},"end":{"line":178,"column":93}},"93":{"start":{"line":178,"column":28},"end":{"line":178,"column":93}},"94":{"start":{"line":179,"column":2},"end":{"line":190,"column":3}},"95":{"start":{"line":180,"column":17},"end":{"line":180,"column":48}},"96":{"start":{"line":181,"column":4},"end":{"line":187,"column":33}},"97":{"start":{"line":182,"column":21},"end":{"line":182,"column":95}},"98":{"start":{"line":183,"column":6},"end":{"line":183,"column":88}},"99":{"start":{"line":183,"column":24},"end":{"line":183,"column":88}},"100":{"start":{"line":184,"column":6},"end":{"line":184,"column":115}},"101":{"start":{"line":184,"column":35},"end":{"line":184,"column":115}},"102":{"start":{"line":185,"column":6},"end":{"line":185,"column":103}},"103":{"start":{"line":186,"column":6},"end":{"line":186,"column":29}},"104":{"start":{"line":187,"column":16},"end":{"line":187,"column":31}},"105":{"start":{"line":189,"column":4},"end":{"line":189,"column":58}},"106":{"start":{"line":194,"column":0},"end":{"line":207,"column":3}},"107":{"start":{"line":195,"column":2},"end":{"line":206,"column":3}},"108":{"start":{"line":196,"column":17},"end":{"line":196,"column":48}},"109":{"start":{"line":197,"column":4},"end":{"line":203,"column":33}},"110":{"start":{"line":198,"column":21},"end":{"line":198,"column":95}},"111":{"start":{"line":199,"column":6},"end":{"line":199,"column":88}},"112":{"start":{"line":199,"column":24},"end":{"line":199,"column":88}},"113":{"start":{"line":200,"column":6},"end":{"line":200,"column":114}},"114":{"start":{"line":200,"column":35},"end":{"line":200,"column":114}},"115":{"start":{"line":201,"column":6},"end":{"line":201,"column":77}},"116":{"start":{"line":202,"column":6},"end":{"line":202,"column":29}},"117":{"start":{"line":203,"column":16},"end":{"line":203,"column":31}},"118":{"start":{"line":205,"column":4},"end":{"line":205,"column":58}},"119":{"start":{"line":210,"column":0},"end":{"line":232,"column":3}},"120":{"start":{"line":211,"column":2},"end":{"line":231,"column":3}},"121":{"start":{"line":212,"column":17},"end":{"line":212,"column":48}},"122":{"start":{"line":213,"column":4},"end":{"line":228,"column":33}},"123":{"start":{"line":214,"column":18},"end":{"line":214,"column":28}},"124":{"start":{"line":215,"column":21},"end":{"line":220,"column":29}},"125":{"start":{"line":221,"column":6},"end":{"line":227,"column":11}},"126":{"start":{"line":221,"column":30},"end":{"line":227,"column":7}},"127":{"start":{"line":228,"column":16},"end":{"line":228,"column":31}},"128":{"start":{"line":230,"column":4},"end":{"line":230,"column":58}},"129":{"start":{"line":235,"column":0},"end":{"line":248,"column":3}},"130":{"start":{"line":236,"column":2},"end":{"line":247,"column":3}},"131":{"start":{"line":237,"column":17},"end":{"line":237,"column":48}},"132":{"start":{"line":238,"column":4},"end":{"line":244,"column":33}},"133":{"start":{"line":239,"column":6},"end":{"line":242,"column":8}},"134":{"start":{"line":243,"column":6},"end":{"line":243,"column":29}},"135":{"start":{"line":244,"column":16},"end":{"line":244,"column":31}},"136":{"start":{"line":246,"column":4},"end":{"line":246,"column":58}},"137":{"start":{"line":251,"column":0},"end":{"line":319,"column":3}},"138":{"start":{"line":252,"column":33},"end":{"line":252,"column":47}},"139":{"start":{"line":253,"column":2},"end":{"line":253,"column":91}},"140":{"start":{"line":253,"column":30},"end":{"line":253,"column":91}},"141":{"start":{"line":254,"column":2},"end":{"line":318,"column":3}},"142":{"start":{"line":255,"column":17},"end":{"line":255,"column":48}},"143":{"start":{"line":256,"column":4},"end":{"line":314,"column":33}},"144":{"start":{"line":257,"column":21},"end":{"line":257,"column":93}},"145":{"start":{"line":258,"column":6},"end":{"line":258,"column":99}},"146":{"start":{"line":258,"column":24},"end":{"line":258,"column":99}},"147":{"start":{"line":259,"column":16},"end":{"line":259,"column":23}},"148":{"start":{"line":262,"column":6},"end":{"line":271,"column":7}},"149":{"start":{"line":263,"column":8},"end":{"line":265,"column":9}},"150":{"start":{"line":264,"column":10},"end":{"line":264,"column":107}},"151":{"start":{"line":266,"column":20},"end":{"line":266,"column":30}},"152":{"start":{"line":267,"column":8},"end":{"line":270,"column":9}},"153":{"start":{"line":268,"column":23},"end":{"line":268,"column":67}},"154":{"start":{"line":269,"column":10},"end":{"line":269,"column":116}},"155":{"start":{"line":275,"column":6},"end":{"line":283,"column":7}},"156":{"start":{"line":276,"column":8},"end":{"line":276,"column":61}},"157":{"start":{"line":278,"column":8},"end":{"line":278,"column":42}},"158":{"start":{"line":279,"column":8},"end":{"line":282,"column":9}},"159":{"start":{"line":280,"column":25},"end":{"line":280,"column":65}},"160":{"start":{"line":281,"column":10},"end":{"line":281,"column":94}},"161":{"start":{"line":285,"column":6},"end":{"line":299,"column":7}},"162":{"start":{"line":286,"column":8},"end":{"line":297,"column":9}},"163":{"start":{"line":287,"column":25},"end":{"line":287,"column":55}},"164":{"start":{"line":288,"column":10},"end":{"line":295,"column":11}},"165":{"start":{"line":289,"column":35},"end":{"line":289,"column":58}},"166":{"start":{"line":290,"column":12},"end":{"line":293,"column":14}},"167":{"start":{"line":294,"column":12},"end":{"line":294,"column":108}},"168":{"start":{"line":296,"column":10},"end":{"line":296,"column":101}},"169":{"start":{"line":298,"column":8},"end":{"line":298,"column":83}},"170":{"start":{"line":302,"column":6},"end":{"line":307,"column":7}},"171":{"start":{"line":303,"column":8},"end":{"line":306,"column":10}},"172":{"start":{"line":309,"column":6},"end":{"line":313,"column":9}},"173":{"start":{"line":314,"column":16},"end":{"line":314,"column":31}},"174":{"start":{"line":316,"column":4},"end":{"line":316,"column":47}},"175":{"start":{"line":317,"column":4},"end":{"line":317,"column":58}},"176":{"start":{"line":322,"column":0},"end":{"line":345,"column":3}},"177":{"start":{"line":323,"column":40},"end":{"line":323,"column":54}},"178":{"start":{"line":324,"column":2},"end":{"line":324,"column":101}},"179":{"start":{"line":324,"column":40},"end":{"line":324,"column":101}},"180":{"start":{"line":325,"column":2},"end":{"line":344,"column":3}},"181":{"start":{"line":326,"column":17},"end":{"line":326,"column":48}},"182":{"start":{"line":327,"column":4},"end":{"line":340,"column":33}},"183":{"start":{"line":328,"column":24},"end":{"line":328,"column":97}},"184":{"start":{"line":329,"column":6},"end":{"line":329,"column":104}},"185":{"start":{"line":329,"column":25},"end":{"line":329,"column":104}},"186":{"start":{"line":330,"column":24},"end":{"line":330,"column":94}},"187":{"start":{"line":331,"column":6},"end":{"line":331,"column":98}},"188":{"start":{"line":331,"column":26},"end":{"line":331,"column":98}},"189":{"start":{"line":333,"column":21},"end":{"line":333,"column":61}},"190":{"start":{"line":334,"column":21},"end":{"line":334,"column":83}},"191":{"start":{"line":335,"column":6},"end":{"line":338,"column":8}},"192":{"start":{"line":339,"column":6},"end":{"line":339,"column":79}},"193":{"start":{"line":340,"column":16},"end":{"line":340,"column":31}},"194":{"start":{"line":342,"column":4},"end":{"line":342,"column":50}},"195":{"start":{"line":343,"column":4},"end":{"line":343,"column":58}},"196":{"start":{"line":348,"column":0},"end":{"line":369,"column":3}},"197":{"start":{"line":349,"column":51},"end":{"line":349,"column":65}},"198":{"start":{"line":350,"column":2},"end":{"line":350,"column":112}},"199":{"start":{"line":350,"column":51},"end":{"line":350,"column":112}},"200":{"start":{"line":351,"column":2},"end":{"line":368,"column":3}},"201":{"start":{"line":352,"column":17},"end":{"line":352,"column":48}},"202":{"start":{"line":353,"column":4},"end":{"line":364,"column":33}},"203":{"start":{"line":354,"column":21},"end":{"line":354,"column":95}},"204":{"start":{"line":355,"column":6},"end":{"line":355,"column":88}},"205":{"start":{"line":355,"column":24},"end":{"line":355,"column":88}},"206":{"start":{"line":356,"column":21},"end":{"line":356,"column":39}},"207":{"start":{"line":357,"column":20},"end":{"line":359,"column":36}},"208":{"start":{"line":360,"column":6},"end":{"line":360,"column":95}},"209":{"start":{"line":360,"column":18},"end":{"line":360,"column":95}},"210":{"start":{"line":361,"column":21},"end":{"line":361,"column":64}},"211":{"start":{"line":362,"column":6},"end":{"line":362,"column":92}},"212":{"start":{"line":363,"column":6},"end":{"line":363,"column":29}},"213":{"start":{"line":364,"column":16},"end":{"line":364,"column":31}},"214":{"start":{"line":366,"column":4},"end":{"line":366,"column":57}},"215":{"start":{"line":367,"column":4},"end":{"line":367,"column":58}},"216":{"start":{"line":372,"column":0},"end":{"line":398,"column":3}},"217":{"start":{"line":373,"column":17},"end":{"line":373,"column":41}},"218":{"start":{"line":374,"column":2},"end":{"line":374,"column":71}},"219":{"start":{"line":374,"column":15},"end":{"line":374,"column":71}},"220":{"start":{"line":375,"column":23},"end":{"line":375,"column":37}},"221":{"start":{"line":376,"column":2},"end":{"line":376,"column":100}},"222":{"start":{"line":376,"column":17},"end":{"line":376,"column":100}},"223":{"start":{"line":377,"column":2},"end":{"line":397,"column":3}},"224":{"start":{"line":378,"column":17},"end":{"line":378,"column":48}},"225":{"start":{"line":379,"column":4},"end":{"line":393,"column":33}},"226":{"start":{"line":380,"column":21},"end":{"line":380,"column":100}},"227":{"start":{"line":381,"column":6},"end":{"line":381,"column":88}},"228":{"start":{"line":381,"column":24},"end":{"line":381,"column":88}},"229":{"start":{"line":382,"column":6},"end":{"line":382,"column":125}},"230":{"start":{"line":382,"column":35},"end":{"line":382,"column":125}},"231":{"start":{"line":383,"column":21},"end":{"line":383,"column":39}},"232":{"start":{"line":384,"column":20},"end":{"line":386,"column":29}},"233":{"start":{"line":387,"column":6},"end":{"line":387,"column":82}},"234":{"start":{"line":387,"column":18},"end":{"line":387,"column":82}},"235":{"start":{"line":390,"column":6},"end":{"line":390,"column":76}},"236":{"start":{"line":391,"column":6},"end":{"line":391,"column":70}},"237":{"start":{"line":392,"column":6},"end":{"line":392,"column":29}},"238":{"start":{"line":393,"column":16},"end":{"line":393,"column":31}},"239":{"start":{"line":395,"column":4},"end":{"line":395,"column":56}},"240":{"start":{"line":396,"column":4},"end":{"line":396,"column":58}},"241":{"start":{"line":401,"column":0},"end":{"line":416,"column":3}},"242":{"start":{"line":402,"column":34},"end":{"line":402,"column":48}},"243":{"start":{"line":403,"column":2},"end":{"line":403,"column":92}},"244":{"start":{"line":403,"column":31},"end":{"line":403,"column":92}},"245":{"start":{"line":404,"column":2},"end":{"line":415,"column":3}},"246":{"start":{"line":405,"column":17},"end":{"line":405,"column":48}},"247":{"start":{"line":406,"column":4},"end":{"line":411,"column":33}},"248":{"start":{"line":407,"column":21},"end":{"line":407,"column":64}},"249":{"start":{"line":408,"column":23},"end":{"line":408,"column":108}},"250":{"start":{"line":409,"column":6},"end":{"line":409,"column":96}},"251":{"start":{"line":409,"column":32},"end":{"line":409,"column":96}},"252":{"start":{"line":410,"column":6},"end":{"line":410,"column":29}},"253":{"start":{"line":411,"column":16},"end":{"line":411,"column":31}},"254":{"start":{"line":413,"column":4},"end":{"line":413,"column":56}},"255":{"start":{"line":414,"column":4},"end":{"line":414,"column":58}},"256":{"start":{"line":419,"column":0},"end":{"line":432,"column":3}},"257":{"start":{"line":420,"column":52},"end":{"line":420,"column":66}},"258":{"start":{"line":421,"column":2},"end":{"line":422,"column":65}},"259":{"start":{"line":422,"column":4},"end":{"line":422,"column":65}},"260":{"start":{"line":423,"column":2},"end":{"line":431,"column":3}},"261":{"start":{"line":424,"column":18},"end":{"line":424,"column":52}},"262":{"start":{"line":425,"column":4},"end":{"line":425,"column":109}},"263":{"start":{"line":425,"column":16},"end":{"line":425,"column":109}},"264":{"start":{"line":426,"column":4},"end":{"line":426,"column":70}},"265":{"start":{"line":427,"column":4},"end":{"line":427,"column":27}},"266":{"start":{"line":429,"column":4},"end":{"line":429,"column":55}},"267":{"start":{"line":430,"column":4},"end":{"line":430,"column":88}},"268":{"start":{"line":435,"column":0},"end":{"line":447,"column":3}},"269":{"start":{"line":436,"column":28},"end":{"line":436,"column":42}},"270":{"start":{"line":437,"column":2},"end":{"line":437,"column":86}},"271":{"start":{"line":437,"column":25},"end":{"line":437,"column":86}},"272":{"start":{"line":438,"column":2},"end":{"line":446,"column":3}},"273":{"start":{"line":439,"column":18},"end":{"line":439,"column":50}},"274":{"start":{"line":440,"column":4},"end":{"line":440,"column":109}},"275":{"start":{"line":440,"column":16},"end":{"line":440,"column":109}},"276":{"start":{"line":441,"column":4},"end":{"line":441,"column":47}},"277":{"start":{"line":442,"column":4},"end":{"line":442,"column":27}},"278":{"start":{"line":444,"column":4},"end":{"line":444,"column":56}},"279":{"start":{"line":445,"column":4},"end":{"line":445,"column":87}},"280":{"start":{"line":449,"column":13},"end":{"line":449,"column":37}},"281":{"start":{"line":451,"column":0},"end":{"line":465,"column":1}},"282":{"start":{"line":452,"column":2},"end":{"line":464,"column":7}},"283":{"start":{"line":453,"column":4},"end":{"line":463,"column":5}},"284":{"start":{"line":454,"column":19},"end":{"line":454,"column":50}},"285":{"start":{"line":455,"column":6},"end":{"line":455,"column":24}},"286":{"start":{"line":456,"column":6},"end":{"line":456,"column":21}},"287":{"start":{"line":457,"column":6},"end":{"line":457,"column":80}},"288":{"start":{"line":458,"column":6},"end":{"line":458,"column":92}},"289":{"start":{"line":458,"column":29},"end":{"line":458,"column":90}},"290":{"start":{"line":460,"column":6},"end":{"line":460,"column":68}},"291":{"start":{"line":461,"column":6},"end":{"line":461,"column":102}},"292":{"start":{"line":462,"column":6},"end":{"line":462,"column":22}},"293":{"start":{"line":467,"column":0},"end":{"line":467,"column":25}}},"fnMap":{"0":{"name":"(anonymous_0)","decl":{"start":{"line":40,"column":8},"end":{"line":40,"column":9}},"loc":{"start":{"line":40,"column":28},"end":{"line":45,"column":1}},"line":40},"1":{"name":"(anonymous_1)","decl":{"start":{"line":42,"column":58},"end":{"line":42,"column":59}},"loc":{"start":{"line":42,"column":63},"end":{"line":42,"column":78}},"line":42},"2":{"name":"(anonymous_2)","decl":{"start":{"line":72,"column":13},"end":{"line":72,"column":14}},"loc":{"start":{"line":72,"column":27},"end":{"line":72,"column":75}},"line":72},"3":{"name":"(anonymous_3)","decl":{"start":{"line":75,"column":19},"end":{"line":75,"column":20}},"loc":{"start":{"line":75,"column":39},"end":{"line":85,"column":1}},"line":75},"4":{"name":"(anonymous_4)","decl":{"start":{"line":87,"column":19},"end":{"line":87,"column":20}},"loc":{"start":{"line":87,"column":39},"end":{"line":101,"column":1}},"line":87},"5":{"name":"requireAdmin","decl":{"start":{"line":104,"column":15},"end":{"line":104,"column":27}},"loc":{"start":{"line":104,"column":44},"end":{"line":118,"column":1}},"line":104},"6":{"name":"(anonymous_6)","decl":{"start":{"line":121,"column":42},"end":{"line":121,"column":43}},"loc":{"start":{"line":121,"column":62},"end":{"line":152,"column":1}},"line":121},"7":{"name":"(anonymous_7)","decl":{"start":{"line":155,"column":45},"end":{"line":155,"column":46}},"loc":{"start":{"line":155,"column":65},"end":{"line":173,"column":1}},"line":155},"8":{"name":"(anonymous_8)","decl":{"start":{"line":164,"column":24},"end":{"line":164,"column":25}},"loc":{"start":{"line":164,"column":30},"end":{"line":168,"column":7}},"line":164},"9":{"name":"(anonymous_9)","decl":{"start":{"line":176,"column":56},"end":{"line":176,"column":57}},"loc":{"start":{"line":176,"column":76},"end":{"line":191,"column":1}},"line":176},"10":{"name":"(anonymous_10)","decl":{"start":{"line":194,"column":52},"end":{"line":194,"column":53}},"loc":{"start":{"line":194,"column":72},"end":{"line":207,"column":1}},"line":194},"11":{"name":"(anonymous_11)","decl":{"start":{"line":210,"column":44},"end":{"line":210,"column":45}},"loc":{"start":{"line":210,"column":64},"end":{"line":232,"column":1}},"line":210},"12":{"name":"(anonymous_12)","decl":{"start":{"line":221,"column":24},"end":{"line":221,"column":25}},"loc":{"start":{"line":221,"column":30},"end":{"line":227,"column":7}},"line":221},"13":{"name":"(anonymous_13)","decl":{"start":{"line":235,"column":57},"end":{"line":235,"column":58}},"loc":{"start":{"line":235,"column":77},"end":{"line":248,"column":1}},"line":235},"14":{"name":"(anonymous_14)","decl":{"start":{"line":251,"column":28},"end":{"line":251,"column":29}},"loc":{"start":{"line":251,"column":48},"end":{"line":319,"column":1}},"line":251},"15":{"name":"(anonymous_15)","decl":{"start":{"line":322,"column":31},"end":{"line":322,"column":32}},"loc":{"start":{"line":322,"column":51},"end":{"line":345,"column":1}},"line":322},"16":{"name":"(anonymous_16)","decl":{"start":{"line":348,"column":38},"end":{"line":348,"column":39}},"loc":{"start":{"line":348,"column":58},"end":{"line":369,"column":1}},"line":348},"17":{"name":"(anonymous_17)","decl":{"start":{"line":372,"column":32},"end":{"line":372,"column":33}},"loc":{"start":{"line":372,"column":52},"end":{"line":398,"column":1}},"line":372},"18":{"name":"(anonymous_18)","decl":{"start":{"line":401,"column":37},"end":{"line":401,"column":38}},"loc":{"start":{"line":401,"column":57},"end":{"line":416,"column":1}},"line":401},"19":{"name":"(anonymous_19)","decl":{"start":{"line":419,"column":25},"end":{"line":419,"column":26}},"loc":{"start":{"line":419,"column":45},"end":{"line":432,"column":1}},"line":419},"20":{"name":"(anonymous_20)","decl":{"start":{"line":435,"column":27},"end":{"line":435,"column":28}},"loc":{"start":{"line":435,"column":47},"end":{"line":447,"column":1}},"line":435},"21":{"name":"(anonymous_21)","decl":{"start":{"line":452,"column":3},"end":{"line":452,"column":4}},"loc":{"start":{"line":452,"column":15},"end":{"line":464,"column":3}},"line":452},"22":{"name":"(anonymous_22)","decl":{"start":{"line":458,"column":23},"end":{"line":458,"column":24}},"loc":{"start":{"line":458,"column":29},"end":{"line":458,"column":90}},"line":458}},"branchMap":{"0":{"loc":{"start":{"line":30,"column":23},"end":{"line":30,"column":73}},"type":"binary-expr","locations":[{"start":{"line":30,"column":23},"end":{"line":30,"column":46}},{"start":{"line":30,"column":50},"end":{"line":30,"column":73}}],"line":30},"1":{"loc":{"start":{"line":42,"column":2},"end":{"line":43,"column":33}},"type":"if","locations":[{"start":{"line":42,"column":2},"end":{"line":43,"column":33}},{"start":{},"end":{}}],"line":42},"2":{"loc":{"start":{"line":42,"column":6},"end":{"line":42,"column":79}},"type":"binary-expr","locations":[{"start":{"line":42,"column":6},"end":{"line":42,"column":32}},{"start":{"line":42,"column":36},"end":{"line":42,"column":79}}],"line":42},"3":{"loc":{"start":{"line":50,"column":33},"end":{"line":50,"column":52}},"type":"cond-expr","locations":[{"start":{"line":50,"column":43},"end":{"line":50,"column":47}},{"start":{"line":50,"column":50},"end":{"line":50,"column":52}}],"line":50},"4":{"loc":{"start":{"line":57,"column":33},"end":{"line":57,"column":51}},"type":"cond-expr","locations":[{"start":{"line":57,"column":43},"end":{"line":57,"column":47}},{"start":{"line":57,"column":50},"end":{"line":57,"column":51}}],"line":57},"5":{"loc":{"start":{"line":66,"column":28},"end":{"line":66,"column":48}},"type":"cond-expr","locations":[{"start":{"line":66,"column":38},"end":{"line":66,"column":42}},{"start":{"line":66,"column":45},"end":{"line":66,"column":48}}],"line":66},"6":{"loc":{"start":{"line":76,"column":17},"end":{"line":76,"column":49}},"type":"binary-expr","locations":[{"start":{"line":76,"column":17},"end":{"line":76,"column":41}},{"start":{"line":76,"column":45},"end":{"line":76,"column":49}}],"line":76},"7":{"loc":{"start":{"line":89,"column":2},"end":{"line":89,"column":71}},"type":"if","locations":[{"start":{"line":89,"column":2},"end":{"line":89,"column":71}},{"start":{},"end":{}}],"line":89},"8":{"loc":{"start":{"line":91,"column":2},"end":{"line":92,"column":75}},"type":"if","locations":[{"start":{"line":91,"column":2},"end":{"line":92,"column":75}},{"start":{},"end":{}}],"line":91},"9":{"loc":{"start":{"line":91,"column":6},"end":{"line":91,"column":62}},"type":"binary-expr","locations":[{"start":{"line":91,"column":6},"end":{"line":91,"column":11}},{"start":{"line":91,"column":15},"end":{"line":91,"column":39}},{"start":{"line":91,"column":43},"end":{"line":91,"column":62}}],"line":91},"10":{"loc":{"start":{"line":106,"column":2},"end":{"line":106,"column":71}},"type":"if","locations":[{"start":{"line":106,"column":2},"end":{"line":106,"column":71}},{"start":{},"end":{}}],"line":106},"11":{"loc":{"start":{"line":111,"column":6},"end":{"line":112,"column":66}},"type":"if","locations":[{"start":{"line":111,"column":6},"end":{"line":112,"column":66}},{"start":{},"end":{}}],"line":111},"12":{"loc":{"start":{"line":111,"column":10},"end":{"line":111,"column":49}},"type":"binary-expr","locations":[{"start":{"line":111,"column":10},"end":{"line":111,"column":22}},{"start":{"line":111,"column":26},"end":{"line":111,"column":49}}],"line":111},"13":{"loc":{"start":{"line":166,"column":21},"end":{"line":166,"column":50}},"type":"binary-expr","locations":[{"start":{"line":166,"column":21},"end":{"line":166,"column":37}},{"start":{"line":166,"column":41},"end":{"line":166,"column":50}}],"line":166},"14":{"loc":{"start":{"line":177,"column":21},"end":{"line":177,"column":35}},"type":"binary-expr","locations":[{"start":{"line":177,"column":21},"end":{"line":177,"column":29}},{"start":{"line":177,"column":33},"end":{"line":177,"column":35}}],"line":177},"15":{"loc":{"start":{"line":178,"column":2},"end":{"line":178,"column":93}},"type":"if","locations":[{"start":{"line":178,"column":2},"end":{"line":178,"column":93}},{"start":{},"end":{}}],"line":178},"16":{"loc":{"start":{"line":183,"column":6},"end":{"line":183,"column":88}},"type":"if","locations":[{"start":{"line":183,"column":6},"end":{"line":183,"column":88}},{"start":{},"end":{}}],"line":183},"17":{"loc":{"start":{"line":184,"column":6},"end":{"line":184,"column":115}},"type":"if","locations":[{"start":{"line":184,"column":6},"end":{"line":184,"column":115}},{"start":{},"end":{}}],"line":184},"18":{"loc":{"start":{"line":185,"column":71},"end":{"line":185,"column":85}},"type":"cond-expr","locations":[{"start":{"line":185,"column":80},"end":{"line":185,"column":81}},{"start":{"line":185,"column":84},"end":{"line":185,"column":85}}],"line":185},"19":{"loc":{"start":{"line":199,"column":6},"end":{"line":199,"column":88}},"type":"if","locations":[{"start":{"line":199,"column":6},"end":{"line":199,"column":88}},{"start":{},"end":{}}],"line":199},"20":{"loc":{"start":{"line":200,"column":6},"end":{"line":200,"column":114}},"type":"if","locations":[{"start":{"line":200,"column":6},"end":{"line":200,"column":114}},{"start":{},"end":{}}],"line":200},"21":{"loc":{"start":{"line":223,"column":21},"end":{"line":223,"column":50}},"type":"binary-expr","locations":[{"start":{"line":223,"column":21},"end":{"line":223,"column":37}},{"start":{"line":223,"column":41},"end":{"line":223,"column":50}}],"line":223},"22":{"loc":{"start":{"line":252,"column":33},"end":{"line":252,"column":47}},"type":"binary-expr","locations":[{"start":{"line":252,"column":33},"end":{"line":252,"column":41}},{"start":{"line":252,"column":45},"end":{"line":252,"column":47}}],"line":252},"23":{"loc":{"start":{"line":253,"column":2},"end":{"line":253,"column":91}},"type":"if","locations":[{"start":{"line":253,"column":2},"end":{"line":253,"column":91}},{"start":{},"end":{}}],"line":253},"24":{"loc":{"start":{"line":253,"column":6},"end":{"line":253,"column":28}},"type":"binary-expr","locations":[{"start":{"line":253,"column":6},"end":{"line":253,"column":15}},{"start":{"line":253,"column":19},"end":{"line":253,"column":28}}],"line":253},"25":{"loc":{"start":{"line":258,"column":6},"end":{"line":258,"column":99}},"type":"if","locations":[{"start":{"line":258,"column":6},"end":{"line":258,"column":99}},{"start":{},"end":{}}],"line":258},"26":{"loc":{"start":{"line":262,"column":6},"end":{"line":271,"column":7}},"type":"if","locations":[{"start":{"line":262,"column":6},"end":{"line":271,"column":7}},{"start":{},"end":{}}],"line":262},"27":{"loc":{"start":{"line":263,"column":8},"end":{"line":265,"column":9}},"type":"if","locations":[{"start":{"line":263,"column":8},"end":{"line":265,"column":9}},{"start":{},"end":{}}],"line":263},"28":{"loc":{"start":{"line":267,"column":8},"end":{"line":270,"column":9}},"type":"if","locations":[{"start":{"line":267,"column":8},"end":{"line":270,"column":9}},{"start":{},"end":{}}],"line":267},"29":{"loc":{"start":{"line":267,"column":12},"end":{"line":267,"column":56}},"type":"binary-expr","locations":[{"start":{"line":267,"column":12},"end":{"line":267,"column":29}},{"start":{"line":267,"column":33},"end":{"line":267,"column":56}}],"line":267},"30":{"loc":{"start":{"line":275,"column":6},"end":{"line":283,"column":7}},"type":"if","locations":[{"start":{"line":275,"column":6},"end":{"line":283,"column":7}},{"start":{"line":277,"column":13},"end":{"line":283,"column":7}}],"line":275},"31":{"loc":{"start":{"line":275,"column":10},"end":{"line":275,"column":57}},"type":"binary-expr","locations":[{"start":{"line":275,"column":10},"end":{"line":275,"column":22}},{"start":{"line":275,"column":26},"end":{"line":275,"column":57}}],"line":275},"32":{"loc":{"start":{"line":279,"column":8},"end":{"line":282,"column":9}},"type":"if","locations":[{"start":{"line":279,"column":8},"end":{"line":282,"column":9}},{"start":{},"end":{}}],"line":279},"33":{"loc":{"start":{"line":285,"column":6},"end":{"line":299,"column":7}},"type":"if","locations":[{"start":{"line":285,"column":6},"end":{"line":299,"column":7}},{"start":{},"end":{}}],"line":285},"34":{"loc":{"start":{"line":286,"column":8},"end":{"line":297,"column":9}},"type":"if","locations":[{"start":{"line":286,"column":8},"end":{"line":297,"column":9}},{"start":{},"end":{}}],"line":286},"35":{"loc":{"start":{"line":287,"column":26},"end":{"line":287,"column":50}},"type":"binary-expr","locations":[{"start":{"line":287,"column":26},"end":{"line":287,"column":45}},{"start":{"line":287,"column":49},"end":{"line":287,"column":50}}],"line":287},"36":{"loc":{"start":{"line":288,"column":10},"end":{"line":295,"column":11}},"type":"if","locations":[{"start":{"line":288,"column":10},"end":{"line":295,"column":11}},{"start":{},"end":{}}],"line":288},"37":{"loc":{"start":{"line":302,"column":6},"end":{"line":307,"column":7}},"type":"if","locations":[{"start":{"line":302,"column":6},"end":{"line":307,"column":7}},{"start":{},"end":{}}],"line":302},"38":{"loc":{"start":{"line":311,"column":21},"end":{"line":311,"column":50}},"type":"binary-expr","locations":[{"start":{"line":311,"column":21},"end":{"line":311,"column":37}},{"start":{"line":311,"column":41},"end":{"line":311,"column":50}}],"line":311},"39":{"loc":{"start":{"line":323,"column":40},"end":{"line":323,"column":54}},"type":"binary-expr","locations":[{"start":{"line":323,"column":40},"end":{"line":323,"column":48}},{"start":{"line":323,"column":52},"end":{"line":323,"column":54}}],"line":323},"40":{"loc":{"start":{"line":324,"column":2},"end":{"line":324,"column":101}},"type":"if","locations":[{"start":{"line":324,"column":2},"end":{"line":324,"column":101}},{"start":{},"end":{}}],"line":324},"41":{"loc":{"start":{"line":324,"column":6},"end":{"line":324,"column":38}},"type":"binary-expr","locations":[{"start":{"line":324,"column":6},"end":{"line":324,"column":15}},{"start":{"line":324,"column":19},"end":{"line":324,"column":25}},{"start":{"line":324,"column":29},"end":{"line":324,"column":38}}],"line":324},"42":{"loc":{"start":{"line":329,"column":6},"end":{"line":329,"column":104}},"type":"if","locations":[{"start":{"line":329,"column":6},"end":{"line":329,"column":104}},{"start":{},"end":{}}],"line":329},"43":{"loc":{"start":{"line":331,"column":6},"end":{"line":331,"column":98}},"type":"if","locations":[{"start":{"line":331,"column":6},"end":{"line":331,"column":98}},{"start":{},"end":{}}],"line":331},"44":{"loc":{"start":{"line":349,"column":51},"end":{"line":349,"column":65}},"type":"binary-expr","locations":[{"start":{"line":349,"column":51},"end":{"line":349,"column":59}},{"start":{"line":349,"column":63},"end":{"line":349,"column":65}}],"line":349},"45":{"loc":{"start":{"line":350,"column":2},"end":{"line":350,"column":112}},"type":"if","locations":[{"start":{"line":350,"column":2},"end":{"line":350,"column":112}},{"start":{},"end":{}}],"line":350},"46":{"loc":{"start":{"line":350,"column":6},"end":{"line":350,"column":49}},"type":"binary-expr","locations":[{"start":{"line":350,"column":6},"end":{"line":350,"column":13}},{"start":{"line":350,"column":17},"end":{"line":350,"column":33}},{"start":{"line":350,"column":37},"end":{"line":350,"column":49}}],"line":350},"47":{"loc":{"start":{"line":355,"column":6},"end":{"line":355,"column":88}},"type":"if","locations":[{"start":{"line":355,"column":6},"end":{"line":355,"column":88}},{"start":{},"end":{}}],"line":355},"48":{"loc":{"start":{"line":357,"column":20},"end":{"line":359,"column":36}},"type":"cond-expr","locations":[{"start":{"line":358,"column":10},"end":{"line":358,"column":55}},{"start":{"line":359,"column":10},"end":{"line":359,"column":36}}],"line":357},"49":{"loc":{"start":{"line":360,"column":6},"end":{"line":360,"column":95}},"type":"if","locations":[{"start":{"line":360,"column":6},"end":{"line":360,"column":95}},{"start":{},"end":{}}],"line":360},"50":{"loc":{"start":{"line":374,"column":2},"end":{"line":374,"column":71}},"type":"if","locations":[{"start":{"line":374,"column":2},"end":{"line":374,"column":71}},{"start":{},"end":{}}],"line":374},"51":{"loc":{"start":{"line":375,"column":23},"end":{"line":375,"column":37}},"type":"binary-expr","locations":[{"start":{"line":375,"column":23},"end":{"line":375,"column":31}},{"start":{"line":375,"column":35},"end":{"line":375,"column":37}}],"line":375},"52":{"loc":{"start":{"line":376,"column":2},"end":{"line":376,"column":100}},"type":"if","locations":[{"start":{"line":376,"column":2},"end":{"line":376,"column":100}},{"start":{},"end":{}}],"line":376},"53":{"loc":{"start":{"line":381,"column":6},"end":{"line":381,"column":88}},"type":"if","locations":[{"start":{"line":381,"column":6},"end":{"line":381,"column":88}},{"start":{},"end":{}}],"line":381},"54":{"loc":{"start":{"line":382,"column":6},"end":{"line":382,"column":125}},"type":"if","locations":[{"start":{"line":382,"column":6},"end":{"line":382,"column":125}},{"start":{},"end":{}}],"line":382},"55":{"loc":{"start":{"line":384,"column":20},"end":{"line":386,"column":29}},"type":"cond-expr","locations":[{"start":{"line":385,"column":10},"end":{"line":385,"column":48}},{"start":{"line":386,"column":10},"end":{"line":386,"column":29}}],"line":384},"56":{"loc":{"start":{"line":387,"column":6},"end":{"line":387,"column":82}},"type":"if","locations":[{"start":{"line":387,"column":6},"end":{"line":387,"column":82}},{"start":{},"end":{}}],"line":387},"57":{"loc":{"start":{"line":402,"column":34},"end":{"line":402,"column":48}},"type":"binary-expr","locations":[{"start":{"line":402,"column":34},"end":{"line":402,"column":42}},{"start":{"line":402,"column":46},"end":{"line":402,"column":48}}],"line":402},"58":{"loc":{"start":{"line":403,"column":2},"end":{"line":403,"column":92}},"type":"if","locations":[{"start":{"line":403,"column":2},"end":{"line":403,"column":92}},{"start":{},"end":{}}],"line":403},"59":{"loc":{"start":{"line":403,"column":6},"end":{"line":403,"column":29}},"type":"binary-expr","locations":[{"start":{"line":403,"column":6},"end":{"line":403,"column":13}},{"start":{"line":403,"column":17},"end":{"line":403,"column":29}}],"line":403},"60":{"loc":{"start":{"line":409,"column":6},"end":{"line":409,"column":96}},"type":"if","locations":[{"start":{"line":409,"column":6},"end":{"line":409,"column":96}},{"start":{},"end":{}}],"line":409},"61":{"loc":{"start":{"line":420,"column":52},"end":{"line":420,"column":66}},"type":"binary-expr","locations":[{"start":{"line":420,"column":52},"end":{"line":420,"column":60}},{"start":{"line":420,"column":64},"end":{"line":420,"column":66}}],"line":420},"62":{"loc":{"start":{"line":421,"column":2},"end":{"line":422,"column":65}},"type":"if","locations":[{"start":{"line":421,"column":2},"end":{"line":422,"column":65}},{"start":{},"end":{}}],"line":421},"63":{"loc":{"start":{"line":421,"column":6},"end":{"line":421,"column":53}},"type":"binary-expr","locations":[{"start":{"line":421,"column":6},"end":{"line":421,"column":15}},{"start":{"line":421,"column":19},"end":{"line":421,"column":29}},{"start":{"line":421,"column":33},"end":{"line":421,"column":41}},{"start":{"line":421,"column":45},"end":{"line":421,"column":53}}],"line":421},"64":{"loc":{"start":{"line":425,"column":4},"end":{"line":425,"column":109}},"type":"if","locations":[{"start":{"line":425,"column":4},"end":{"line":425,"column":109}},{"start":{},"end":{}}],"line":425},"65":{"loc":{"start":{"line":436,"column":28},"end":{"line":436,"column":42}},"type":"binary-expr","locations":[{"start":{"line":436,"column":28},"end":{"line":436,"column":36}},{"start":{"line":436,"column":40},"end":{"line":436,"column":42}}],"line":436},"66":{"loc":{"start":{"line":437,"column":2},"end":{"line":437,"column":86}},"type":"if","locations":[{"start":{"line":437,"column":2},"end":{"line":437,"column":86}},{"start":{},"end":{}}],"line":437},"67":{"loc":{"start":{"line":437,"column":6},"end":{"line":437,"column":23}},"type":"binary-expr","locations":[{"start":{"line":437,"column":6},"end":{"line":437,"column":14}},{"start":{"line":437,"column":18},"end":{"line":437,"column":23}}],"line":437},"68":{"loc":{"start":{"line":440,"column":4},"end":{"line":440,"column":109}},"type":"if","locations":[{"start":{"line":440,"column":4},"end":{"line":440,"column":109}},{"start":{},"end":{}}],"line":440},"69":{"loc":{"start":{"line":449,"column":13},"end":{"line":449,"column":37}},"type":"binary-expr","locations":[{"start":{"line":449,"column":13},"end":{"line":449,"column":29}},{"start":{"line":449,"column":33},"end":{"line":449,"column":37}}],"line":449},"70":{"loc":{"start":{"line":451,"column":0},"end":{"line":465,"column":1}},"type":"if","locations":[{"start":{"line":451,"column":0},"end":{"line":465,"column":1}},{"start":{},"end":{}}],"line":451}},"s":{"0":4,"1":4,"2":4,"3":4,"4":4,"5":4,"6":4,"7":4,"8":4,"9":4,"10":4,"11":4,"12":4,"13":4,"14":4,"15":4,"16":4,"17":4,"18":4,"19":4,"20":42,"21":42,"22":168,"23":0,"24":42,"25":4,"26":4,"27":4,"28":4,"29":4,"30":4,"31":4,"32":4,"33":4,"34":0,"35":4,"36":3,"37":3,"38":3,"39":3,"40":3,"41":3,"42":1,"43":1,"44":4,"45":4,"46":4,"47":1,"48":3,"49":3,"50":1,"51":2,"52":2,"53":2,"54":2,"55":1,"56":2,"57":1,"58":1,"59":11,"60":11,"61":1,"62":10,"63":10,"64":10,"65":10,"66":10,"67":1,"68":9,"69":10,"70":0,"71":4,"72":1,"73":1,"74":1,"75":1,"76":1,"77":1,"78":1,"79":0,"80":0,"81":4,"82":1,"83":1,"84":1,"85":1,"86":1,"87":1,"88":1,"89":0,"90":4,"91":3,"92":3,"93":0,"94":3,"95":3,"96":3,"97":3,"98":3,"99":1,"100":2,"101":1,"102":1,"103":1,"104":3,"105":0,"106":4,"107":2,"108":2,"109":2,"110":2,"111":2,"112":0,"113":2,"114":1,"115":1,"116":1,"117":2,"118":0,"119":4,"120":1,"121":1,"122":1,"123":1,"124":1,"125":1,"126":1,"127":1,"128":0,"129":4,"130":1,"131":1,"132":1,"133":1,"134":1,"135":1,"136":0,"137":4,"138":8,"139":8,"140":1,"141":7,"142":7,"143":7,"144":7,"145":7,"146":1,"147":6,"148":6,"149":6,"150":1,"151":5,"152":5,"153":1,"154":1,"155":4,"156":0,"157":4,"158":4,"159":2,"160":2,"161":4,"162":2,"163":2,"164":2,"165":1,"166":1,"167":1,"168":1,"169":1,"170":2,"171":2,"172":2,"173":7,"174":0,"175":0,"176":4,"177":4,"178":4,"179":1,"180":3,"181":3,"182":3,"183":3,"184":3,"185":1,"186":2,"187":2,"188":1,"189":1,"190":1,"191":1,"192":1,"193":3,"194":0,"195":0,"196":4,"197":3,"198":3,"199":1,"200":2,"201":2,"202":2,"203":2,"204":2,"205":0,"206":2,"207":2,"208":2,"209":1,"210":1,"211":1,"212":1,"213":2,"214":0,"215":0,"216":4,"217":0,"218":0,"219":0,"220":0,"221":0,"222":0,"223":0,"224":0,"225":0,"226":0,"227":0,"228":0,"229":0,"230":0,"231":0,"232":0,"233":0,"234":0,"235":0,"236":0,"237":0,"238":0,"239":0,"240":0,"241":4,"242":3,"243":3,"244":1,"245":2,"246":2,"247":2,"248":2,"249":2,"250":2,"251":1,"252":1,"253":2,"254":0,"255":0,"256":4,"257":3,"258":3,"259":1,"260":2,"261":2,"262":2,"263":1,"264":1,"265":1,"266":0,"267":0,"268":4,"269":3,"270":3,"271":1,"272":2,"273":2,"274":2,"275":1,"276":1,"277":1,"278":0,"279":0,"280":4,"281":4,"282":0,"283":0,"284":0,"285":0,"286":0,"287":0,"288":0,"289":0,"290":0,"291":0,"292":0,"293":4},"f":{"0":42,"1":168,"2":0,"3":3,"4":4,"5":11,"6":1,"7":1,"8":1,"9":3,"10":2,"11":1,"12":1,"13":1,"14":8,"15":4,"16":3,"17":0,"18":3,"19":3,"20":3,"21":0,"22":0},"b":{"0":[4,4],"1":[0,42],"2":[42,42],"3":[4,0],"4":[4,0],"5":[4,0],"6":[3,2],"7":[1,3],"8":[1,2],"9":[3,3,3],"10":[1,10],"11":[1,9],"12":[10,10],"13":[1,0],"14":[3,0],"15":[0,3],"16":[1,2],"17":[1,1],"18":[1,0],"19":[0,2],"20":[1,1],"21":[1,0],"22":[8,0],"23":[1,7],"24":[8,8],"25":[1,6],"26":[6,0],"27":[1,5],"28":[1,4],"29":[5,1],"30":[0,4],"31":[4,4],"32":[2,2],"33":[2,2],"34":[2,0],"35":[2,1],"36":[1,1],"37":[2,0],"38":[2,0],"39":[4,0],"40":[1,3],"41":[4,4,3],"42":[1,2],"43":[1,1],"44":[3,0],"45":[1,2],"46":[3,3,2],"47":[0,2],"48":[0,2],"49":[1,1],"50":[0,0],"51":[0,0],"52":[0,0],"53":[0,0],"54":[0,0],"55":[0,0],"56":[0,0],"57":[3,0],"58":[1,2],"59":[3,3],"60":[1,1],"61":[3,0],"62":[1,2],"63":[3,3,2,2],"64":[1,1],"65":[3,0],"66":[1,2],"67":[3,3],"68":[1,1],"69":[4,4],"70":[0,4]},"_coverageSchema":"1a1c01bbd47fc00a2c39e90264f33305004495a9","hash":"678ace2c799c4167ec35ee40cf291511de97d52f"}
,"C:\\Users\\ASUS\\Desktop\\UTP\\Ciclo 7\\Integrador 1\\filesv6.0.1\\db\\mysql.js": {"path":"C:\\Users\\ASUS\\Desktop\\UTP\\Ciclo 7\\Integrador 1\\filesv6.0.1\\db\\mysql.js","statementMap":{"0":{"start":{"line":5,"column":14},"end":{"line":5,"column":39}},"1":{"start":{"line":8,"column":18},"end":{"line":14,"column":1}},"2":{"start":{"line":19,"column":2},"end":{"line":21,"column":3}},"3":{"start":{"line":20,"column":4},"end":{"line":20,"column":93}},"4":{"start":{"line":22,"column":2},"end":{"line":22,"column":14}},"5":{"start":{"line":32,"column":20},"end":{"line":32,"column":61}},"6":{"start":{"line":33,"column":21},"end":{"line":33,"column":23}},"7":{"start":{"line":34,"column":2},"end":{"line":34,"column":48}},"8":{"start":{"line":34,"column":27},"end":{"line":34,"column":48}},"9":{"start":{"line":37,"column":19},"end":{"line":39,"column":10}},"10":{"start":{"line":41,"column":19},"end":{"line":41,"column":40}},"11":{"start":{"line":41,"column":35},"end":{"line":41,"column":39}},"12":{"start":{"line":44,"column":25},"end":{"line":49,"column":10}},"13":{"start":{"line":51,"column":23},"end":{"line":51,"column":25}},"14":{"start":{"line":52,"column":2},"end":{"line":56,"column":3}},"15":{"start":{"line":53,"column":4},"end":{"line":53,"column":65}},"16":{"start":{"line":53,"column":35},"end":{"line":53,"column":65}},"17":{"start":{"line":54,"column":4},"end":{"line":54,"column":89}},"18":{"start":{"line":54,"column":47},"end":{"line":54,"column":89}},"19":{"start":{"line":55,"column":4},"end":{"line":55,"column":55}},"20":{"start":{"line":58,"column":20},"end":{"line":63,"column":5}},"21":{"start":{"line":58,"column":37},"end":{"line":63,"column":3}},"22":{"start":{"line":66,"column":22},"end":{"line":68,"column":10}},"23":{"start":{"line":70,"column":17},"end":{"line":70,"column":41}},"24":{"start":{"line":70,"column":36},"end":{"line":70,"column":40}},"25":{"start":{"line":72,"column":21},"end":{"line":77,"column":10}},"26":{"start":{"line":79,"column":28},"end":{"line":79,"column":30}},"27":{"start":{"line":80,"column":2},"end":{"line":83,"column":3}},"28":{"start":{"line":81,"column":4},"end":{"line":81,"column":79}},"29":{"start":{"line":81,"column":42},"end":{"line":81,"column":79}},"30":{"start":{"line":82,"column":4},"end":{"line":82,"column":44}},"31":{"start":{"line":85,"column":23},"end":{"line":85,"column":25}},"32":{"start":{"line":86,"column":2},"end":{"line":101,"column":3}},"33":{"start":{"line":87,"column":18},"end":{"line":87,"column":48}},"34":{"start":{"line":88,"column":4},"end":{"line":88,"column":69}},"35":{"start":{"line":88,"column":37},"end":{"line":88,"column":69}},"36":{"start":{"line":89,"column":18},"end":{"line":89,"column":49}},"37":{"start":{"line":90,"column":4},"end":{"line":100,"column":7}},"38":{"start":{"line":96,"column":30},"end":{"line":96,"column":35}},"39":{"start":{"line":97,"column":49},"end":{"line":97,"column":99}},"40":{"start":{"line":104,"column":25},"end":{"line":104,"column":69}},"41":{"start":{"line":104,"column":56},"end":{"line":104,"column":66}},"42":{"start":{"line":105,"column":20},"end":{"line":107,"column":10}},"43":{"start":{"line":109,"column":21},"end":{"line":109,"column":23}},"44":{"start":{"line":110,"column":2},"end":{"line":118,"column":3}},"45":{"start":{"line":111,"column":18},"end":{"line":111,"column":46}},"46":{"start":{"line":112,"column":18},"end":{"line":112,"column":49}},"47":{"start":{"line":113,"column":4},"end":{"line":113,"column":51}},"48":{"start":{"line":113,"column":28},"end":{"line":113,"column":51}},"49":{"start":{"line":114,"column":16},"end":{"line":114,"column":44}},"50":{"start":{"line":115,"column":4},"end":{"line":115,"column":55}},"51":{"start":{"line":115,"column":23},"end":{"line":115,"column":55}},"52":{"start":{"line":116,"column":4},"end":{"line":116,"column":42}},"53":{"start":{"line":116,"column":23},"end":{"line":116,"column":42}},"54":{"start":{"line":117,"column":4},"end":{"line":117,"column":32}},"55":{"start":{"line":121,"column":24},"end":{"line":131,"column":10}},"56":{"start":{"line":133,"column":25},"end":{"line":133,"column":27}},"57":{"start":{"line":134,"column":2},"end":{"line":142,"column":3}},"58":{"start":{"line":135,"column":18},"end":{"line":135,"column":49}},"59":{"start":{"line":136,"column":4},"end":{"line":136,"column":59}},"60":{"start":{"line":136,"column":32},"end":{"line":136,"column":59}},"61":{"start":{"line":137,"column":4},"end":{"line":141,"column":7}},"62":{"start":{"line":145,"column":18},"end":{"line":154,"column":10}},"63":{"start":{"line":156,"column":19},"end":{"line":156,"column":21}},"64":{"start":{"line":157,"column":2},"end":{"line":162,"column":3}},"65":{"start":{"line":158,"column":18},"end":{"line":158,"column":49}},"66":{"start":{"line":159,"column":4},"end":{"line":159,"column":47}},"67":{"start":{"line":159,"column":26},"end":{"line":159,"column":47}},"68":{"start":{"line":160,"column":4},"end":{"line":160,"column":73}},"69":{"start":{"line":160,"column":39},"end":{"line":160,"column":73}},"70":{"start":{"line":161,"column":4},"end":{"line":161,"column":58}},"71":{"start":{"line":166,"column":21},"end":{"line":166,"column":63}},"72":{"start":{"line":167,"column":22},"end":{"line":180,"column":4}},"73":{"start":{"line":168,"column":4},"end":{"line":168,"column":75}},"74":{"start":{"line":168,"column":17},"end":{"line":168,"column":75}},"75":{"start":{"line":169,"column":16},"end":{"line":177,"column":5}},"76":{"start":{"line":178,"column":4},"end":{"line":178,"column":35}},"77":{"start":{"line":178,"column":16},"end":{"line":178,"column":35}},"78":{"start":{"line":179,"column":4},"end":{"line":179,"column":15}},"79":{"start":{"line":183,"column":36},"end":{"line":186,"column":4}},"80":{"start":{"line":188,"column":2},"end":{"line":199,"column":4}},"81":{"start":{"line":196,"column":34},"end":{"line":196,"column":39}},"82":{"start":{"line":197,"column":37},"end":{"line":197,"column":45}},"83":{"start":{"line":208,"column":20},"end":{"line":208,"column":55}},"84":{"start":{"line":208,"column":50},"end":{"line":208,"column":54}},"85":{"start":{"line":210,"column":23},"end":{"line":215,"column":3}},"86":{"start":{"line":211,"column":4},"end":{"line":213,"column":5}},"87":{"start":{"line":212,"column":6},"end":{"line":212,"column":78}},"88":{"start":{"line":212,"column":38},"end":{"line":212,"column":78}},"89":{"start":{"line":214,"column":4},"end":{"line":214,"column":24}},"90":{"start":{"line":217,"column":2},"end":{"line":217,"column":32}},"91":{"start":{"line":218,"column":2},"end":{"line":350,"column":3}},"92":{"start":{"line":221,"column":4},"end":{"line":221,"column":74}},"93":{"start":{"line":224,"column":4},"end":{"line":229,"column":10}},"94":{"start":{"line":225,"column":6},"end":{"line":229,"column":10}},"95":{"start":{"line":226,"column":8},"end":{"line":229,"column":10}},"96":{"start":{"line":230,"column":4},"end":{"line":237,"column":5}},"97":{"start":{"line":231,"column":17},"end":{"line":231,"column":35}},"98":{"start":{"line":232,"column":6},"end":{"line":236,"column":10}},"99":{"start":{"line":233,"column":8},"end":{"line":236,"column":10}},"100":{"start":{"line":240,"column":27},"end":{"line":240,"column":83}},"101":{"start":{"line":241,"column":24},"end":{"line":241,"column":26}},"102":{"start":{"line":242,"column":4},"end":{"line":242,"column":78}},"103":{"start":{"line":242,"column":34},"end":{"line":242,"column":78}},"104":{"start":{"line":245,"column":28},"end":{"line":245,"column":73}},"105":{"start":{"line":245,"column":57},"end":{"line":245,"column":72}},"106":{"start":{"line":246,"column":4},"end":{"line":256,"column":5}},"107":{"start":{"line":247,"column":6},"end":{"line":255,"column":8}},"108":{"start":{"line":259,"column":24},"end":{"line":259,"column":26}},"109":{"start":{"line":261,"column":4},"end":{"line":275,"column":5}},"110":{"start":{"line":262,"column":6},"end":{"line":265,"column":8}},"111":{"start":{"line":266,"column":6},"end":{"line":274,"column":7}},"112":{"start":{"line":267,"column":8},"end":{"line":273,"column":9}},"113":{"start":{"line":267,"column":21},"end":{"line":267,"column":22}},"114":{"start":{"line":268,"column":24},"end":{"line":271,"column":11}},"115":{"start":{"line":272,"column":10},"end":{"line":272,"column":60}},"116":{"start":{"line":278,"column":4},"end":{"line":295,"column":5}},"117":{"start":{"line":279,"column":6},"end":{"line":294,"column":7}},"118":{"start":{"line":280,"column":24},"end":{"line":280,"column":65}},"119":{"start":{"line":281,"column":8},"end":{"line":284,"column":10}},"120":{"start":{"line":285,"column":21},"end":{"line":285,"column":45}},"121":{"start":{"line":286,"column":8},"end":{"line":293,"column":9}},"122":{"start":{"line":286,"column":21},"end":{"line":286,"column":22}},"123":{"start":{"line":287,"column":22},"end":{"line":287,"column":29}},"124":{"start":{"line":288,"column":20},"end":{"line":288,"column":52}},"125":{"start":{"line":289,"column":10},"end":{"line":292,"column":12}},"126":{"start":{"line":298,"column":4},"end":{"line":312,"column":5}},"127":{"start":{"line":299,"column":22},"end":{"line":299,"column":40}},"128":{"start":{"line":300,"column":6},"end":{"line":300,"column":29}},"129":{"start":{"line":300,"column":20},"end":{"line":300,"column":29}},"130":{"start":{"line":301,"column":6},"end":{"line":311,"column":7}},"131":{"start":{"line":302,"column":8},"end":{"line":310,"column":10}},"132":{"start":{"line":315,"column":4},"end":{"line":325,"column":5}},"133":{"start":{"line":316,"column":35},"end":{"line":316,"column":54}},"134":{"start":{"line":317,"column":6},"end":{"line":317,"column":29}},"135":{"start":{"line":317,"column":20},"end":{"line":317,"column":29}},"136":{"start":{"line":318,"column":6},"end":{"line":324,"column":7}},"137":{"start":{"line":319,"column":23},"end":{"line":319,"column":90}},"138":{"start":{"line":320,"column":8},"end":{"line":323,"column":10}},"139":{"start":{"line":328,"column":4},"end":{"line":337,"column":5}},"140":{"start":{"line":329,"column":6},"end":{"line":336,"column":7}},"141":{"start":{"line":330,"column":8},"end":{"line":335,"column":9}},"142":{"start":{"line":331,"column":10},"end":{"line":334,"column":12}},"143":{"start":{"line":340,"column":16},"end":{"line":340,"column":44}},"144":{"start":{"line":341,"column":4},"end":{"line":342,"column":109}},"145":{"start":{"line":341,"column":17},"end":{"line":341,"column":18}},"146":{"start":{"line":342,"column":6},"end":{"line":342,"column":109}},"147":{"start":{"line":343,"column":4},"end":{"line":344,"column":120}},"148":{"start":{"line":343,"column":17},"end":{"line":343,"column":18}},"149":{"start":{"line":344,"column":6},"end":{"line":344,"column":120}},"150":{"start":{"line":346,"column":4},"end":{"line":346,"column":24}},"151":{"start":{"line":348,"column":4},"end":{"line":348,"column":26}},"152":{"start":{"line":349,"column":4},"end":{"line":349,"column":14}},"153":{"start":{"line":353,"column":0},"end":{"line":353,"column":65}}},"fnMap":{"0":{"name":"getPool","decl":{"start":{"line":18,"column":9},"end":{"line":18,"column":16}},"loc":{"start":{"line":18,"column":19},"end":{"line":23,"column":1}},"line":18},"1":{"name":"buildDbJson","decl":{"start":{"line":30,"column":15},"end":{"line":30,"column":26}},"loc":{"start":{"line":30,"column":41},"end":{"line":200,"column":1}},"line":30},"2":{"name":"(anonymous_2)","decl":{"start":{"line":41,"column":30},"end":{"line":41,"column":31}},"loc":{"start":{"line":41,"column":35},"end":{"line":41,"column":39}},"line":41},"3":{"name":"(anonymous_3)","decl":{"start":{"line":58,"column":31},"end":{"line":58,"column":32}},"loc":{"start":{"line":58,"column":37},"end":{"line":63,"column":3}},"line":58},"4":{"name":"(anonymous_4)","decl":{"start":{"line":70,"column":31},"end":{"line":70,"column":32}},"loc":{"start":{"line":70,"column":36},"end":{"line":70,"column":40}},"line":70},"5":{"name":"(anonymous_5)","decl":{"start":{"line":96,"column":25},"end":{"line":96,"column":26}},"loc":{"start":{"line":96,"column":30},"end":{"line":96,"column":35}},"line":96},"6":{"name":"(anonymous_6)","decl":{"start":{"line":97,"column":44},"end":{"line":97,"column":45}},"loc":{"start":{"line":97,"column":49},"end":{"line":97,"column":99}},"line":97},"7":{"name":"(anonymous_7)","decl":{"start":{"line":104,"column":51},"end":{"line":104,"column":52}},"loc":{"start":{"line":104,"column":56},"end":{"line":104,"column":66}},"line":104},"8":{"name":"(anonymous_8)","decl":{"start":{"line":167,"column":35},"end":{"line":167,"column":36}},"loc":{"start":{"line":167,"column":40},"end":{"line":180,"column":3}},"line":167},"9":{"name":"(anonymous_9)","decl":{"start":{"line":196,"column":29},"end":{"line":196,"column":30}},"loc":{"start":{"line":196,"column":34},"end":{"line":196,"column":39}},"line":196},"10":{"name":"(anonymous_10)","decl":{"start":{"line":197,"column":32},"end":{"line":197,"column":33}},"loc":{"start":{"line":197,"column":37},"end":{"line":197,"column":45}},"line":197},"11":{"name":"saveDbJson","decl":{"start":{"line":207,"column":15},"end":{"line":207,"column":25}},"loc":{"start":{"line":207,"column":46},"end":{"line":351,"column":1}},"line":207},"12":{"name":"(anonymous_12)","decl":{"start":{"line":208,"column":45},"end":{"line":208,"column":46}},"loc":{"start":{"line":208,"column":50},"end":{"line":208,"column":54}},"line":208},"13":{"name":"(anonymous_13)","decl":{"start":{"line":210,"column":23},"end":{"line":210,"column":24}},"loc":{"start":{"line":210,"column":34},"end":{"line":215,"column":3}},"line":210},"14":{"name":"(anonymous_14)","decl":{"start":{"line":245,"column":52},"end":{"line":245,"column":53}},"loc":{"start":{"line":245,"column":57},"end":{"line":245,"column":72}},"line":245}},"branchMap":{"0":{"loc":{"start":{"line":9,"column":12},"end":{"line":9,"column":50}},"type":"binary-expr","locations":[{"start":{"line":9,"column":12},"end":{"line":9,"column":31}},{"start":{"line":9,"column":39},"end":{"line":9,"column":50}}],"line":9},"1":{"loc":{"start":{"line":10,"column":12},"end":{"line":10,"column":43}},"type":"binary-expr","locations":[{"start":{"line":10,"column":12},"end":{"line":10,"column":31}},{"start":{"line":10,"column":39},"end":{"line":10,"column":43}}],"line":10},"2":{"loc":{"start":{"line":11,"column":12},"end":{"line":11,"column":45}},"type":"binary-expr","locations":[{"start":{"line":11,"column":12},"end":{"line":11,"column":31}},{"start":{"line":11,"column":39},"end":{"line":11,"column":45}}],"line":11},"3":{"loc":{"start":{"line":12,"column":12},"end":{"line":12,"column":45}},"type":"binary-expr","locations":[{"start":{"line":12,"column":12},"end":{"line":12,"column":35}},{"start":{"line":12,"column":39},"end":{"line":12,"column":45}}],"line":12},"4":{"loc":{"start":{"line":13,"column":12},"end":{"line":13,"column":58}},"type":"binary-expr","locations":[{"start":{"line":13,"column":12},"end":{"line":13,"column":31}},{"start":{"line":13,"column":39},"end":{"line":13,"column":58}}],"line":13},"5":{"loc":{"start":{"line":19,"column":2},"end":{"line":21,"column":3}},"type":"if","locations":[{"start":{"line":19,"column":2},"end":{"line":21,"column":3}},{"start":{},"end":{}}],"line":19},"6":{"loc":{"start":{"line":37,"column":19},"end":{"line":39,"column":10}},"type":"cond-expr","locations":[{"start":{"line":38,"column":6},"end":{"line":38,"column":77}},{"start":{"line":39,"column":6},"end":{"line":39,"column":10}}],"line":37},"7":{"loc":{"start":{"line":44,"column":25},"end":{"line":49,"column":10}},"type":"cond-expr","locations":[{"start":{"line":45,"column":6},"end":{"line":48,"column":7}},{"start":{"line":49,"column":6},"end":{"line":49,"column":10}}],"line":44},"8":{"loc":{"start":{"line":53,"column":4},"end":{"line":53,"column":65}},"type":"if","locations":[{"start":{"line":53,"column":4},"end":{"line":53,"column":65}},{"start":{},"end":{}}],"line":53},"9":{"loc":{"start":{"line":54,"column":4},"end":{"line":54,"column":89}},"type":"if","locations":[{"start":{"line":54,"column":4},"end":{"line":54,"column":89}},{"start":{},"end":{}}],"line":54},"10":{"loc":{"start":{"line":60,"column":12},"end":{"line":60,"column":32}},"type":"binary-expr","locations":[{"start":{"line":60,"column":12},"end":{"line":60,"column":24}},{"start":{"line":60,"column":28},"end":{"line":60,"column":32}}],"line":60},"11":{"loc":{"start":{"line":61,"column":18},"end":{"line":61,"column":42}},"type":"binary-expr","locations":[{"start":{"line":61,"column":18},"end":{"line":61,"column":36}},{"start":{"line":61,"column":40},"end":{"line":61,"column":42}}],"line":61},"12":{"loc":{"start":{"line":66,"column":22},"end":{"line":68,"column":10}},"type":"cond-expr","locations":[{"start":{"line":67,"column":6},"end":{"line":67,"column":83}},{"start":{"line":68,"column":6},"end":{"line":68,"column":10}}],"line":66},"13":{"loc":{"start":{"line":72,"column":21},"end":{"line":77,"column":10}},"type":"cond-expr","locations":[{"start":{"line":73,"column":6},"end":{"line":76,"column":7}},{"start":{"line":77,"column":6},"end":{"line":77,"column":10}}],"line":72},"14":{"loc":{"start":{"line":81,"column":4},"end":{"line":81,"column":79}},"type":"if","locations":[{"start":{"line":81,"column":4},"end":{"line":81,"column":79}},{"start":{},"end":{}}],"line":81},"15":{"loc":{"start":{"line":87,"column":18},"end":{"line":87,"column":48}},"type":"binary-expr","locations":[{"start":{"line":87,"column":18},"end":{"line":87,"column":42}},{"start":{"line":87,"column":46},"end":{"line":87,"column":48}}],"line":87},"16":{"loc":{"start":{"line":88,"column":4},"end":{"line":88,"column":69}},"type":"if","locations":[{"start":{"line":88,"column":4},"end":{"line":88,"column":69}},{"start":{},"end":{}}],"line":88},"17":{"loc":{"start":{"line":89,"column":18},"end":{"line":89,"column":49}},"type":"binary-expr","locations":[{"start":{"line":89,"column":18},"end":{"line":89,"column":43}},{"start":{"line":89,"column":47},"end":{"line":89,"column":49}}],"line":89},"18":{"loc":{"start":{"line":99,"column":20},"end":{"line":99,"column":52}},"type":"binary-expr","locations":[{"start":{"line":99,"column":20},"end":{"line":99,"column":46}},{"start":{"line":99,"column":50},"end":{"line":99,"column":52}}],"line":99},"19":{"loc":{"start":{"line":105,"column":20},"end":{"line":107,"column":10}},"type":"cond-expr","locations":[{"start":{"line":106,"column":6},"end":{"line":106,"column":87}},{"start":{"line":107,"column":6},"end":{"line":107,"column":10}}],"line":105},"20":{"loc":{"start":{"line":111,"column":18},"end":{"line":111,"column":46}},"type":"binary-expr","locations":[{"start":{"line":111,"column":18},"end":{"line":111,"column":40}},{"start":{"line":111,"column":44},"end":{"line":111,"column":46}}],"line":111},"21":{"loc":{"start":{"line":113,"column":4},"end":{"line":113,"column":51}},"type":"if","locations":[{"start":{"line":113,"column":4},"end":{"line":113,"column":51}},{"start":{},"end":{}}],"line":113},"22":{"loc":{"start":{"line":115,"column":4},"end":{"line":115,"column":55}},"type":"if","locations":[{"start":{"line":115,"column":4},"end":{"line":115,"column":55}},{"start":{},"end":{}}],"line":115},"23":{"loc":{"start":{"line":116,"column":4},"end":{"line":116,"column":42}},"type":"if","locations":[{"start":{"line":116,"column":4},"end":{"line":116,"column":42}},{"start":{},"end":{}}],"line":116},"24":{"loc":{"start":{"line":121,"column":24},"end":{"line":131,"column":10}},"type":"cond-expr","locations":[{"start":{"line":122,"column":6},"end":{"line":130,"column":18}},{"start":{"line":131,"column":6},"end":{"line":131,"column":10}}],"line":121},"25":{"loc":{"start":{"line":136,"column":4},"end":{"line":136,"column":59}},"type":"if","locations":[{"start":{"line":136,"column":4},"end":{"line":136,"column":59}},{"start":{},"end":{}}],"line":136},"26":{"loc":{"start":{"line":139,"column":22},"end":{"line":139,"column":44}},"type":"binary-expr","locations":[{"start":{"line":139,"column":22},"end":{"line":139,"column":39}},{"start":{"line":139,"column":43},"end":{"line":139,"column":44}}],"line":139},"27":{"loc":{"start":{"line":140,"column":54},"end":{"line":140,"column":66}},"type":"binary-expr","locations":[{"start":{"line":140,"column":54},"end":{"line":140,"column":60}},{"start":{"line":140,"column":64},"end":{"line":140,"column":66}}],"line":140},"28":{"loc":{"start":{"line":145,"column":18},"end":{"line":154,"column":10}},"type":"cond-expr","locations":[{"start":{"line":146,"column":6},"end":{"line":153,"column":18}},{"start":{"line":154,"column":6},"end":{"line":154,"column":10}}],"line":145},"29":{"loc":{"start":{"line":159,"column":4},"end":{"line":159,"column":47}},"type":"if","locations":[{"start":{"line":159,"column":4},"end":{"line":159,"column":47}},{"start":{},"end":{}}],"line":159},"30":{"loc":{"start":{"line":160,"column":4},"end":{"line":160,"column":73}},"type":"if","locations":[{"start":{"line":160,"column":4},"end":{"line":160,"column":73}},{"start":{},"end":{}}],"line":160},"31":{"loc":{"start":{"line":168,"column":4},"end":{"line":168,"column":75}},"type":"if","locations":[{"start":{"line":168,"column":4},"end":{"line":168,"column":75}},{"start":{},"end":{}}],"line":168},"32":{"loc":{"start":{"line":172,"column":19},"end":{"line":172,"column":48}},"type":"binary-expr","locations":[{"start":{"line":172,"column":19},"end":{"line":172,"column":35}},{"start":{"line":172,"column":39},"end":{"line":172,"column":48}}],"line":172},"33":{"loc":{"start":{"line":174,"column":11},"end":{"line":174,"column":29}},"type":"binary-expr","locations":[{"start":{"line":174,"column":11},"end":{"line":174,"column":16}},{"start":{"line":174,"column":20},"end":{"line":174,"column":29}}],"line":174},"34":{"loc":{"start":{"line":175,"column":14},"end":{"line":175,"column":56}},"type":"cond-expr","locations":[{"start":{"line":175,"column":39},"end":{"line":175,"column":49}},{"start":{"line":175,"column":52},"end":{"line":175,"column":56}}],"line":175},"35":{"loc":{"start":{"line":178,"column":4},"end":{"line":178,"column":35}},"type":"if","locations":[{"start":{"line":178,"column":4},"end":{"line":178,"column":35}},{"start":{},"end":{}}],"line":178},"36":{"loc":{"start":{"line":208,"column":21},"end":{"line":208,"column":39}},"type":"binary-expr","locations":[{"start":{"line":208,"column":21},"end":{"line":208,"column":33}},{"start":{"line":208,"column":37},"end":{"line":208,"column":39}}],"line":208},"37":{"loc":{"start":{"line":212,"column":6},"end":{"line":212,"column":78}},"type":"if","locations":[{"start":{"line":212,"column":6},"end":{"line":212,"column":78}},{"start":{},"end":{}}],"line":212},"38":{"loc":{"start":{"line":224,"column":37},"end":{"line":224,"column":56}},"type":"binary-expr","locations":[{"start":{"line":224,"column":37},"end":{"line":224,"column":50}},{"start":{"line":224,"column":54},"end":{"line":224,"column":56}}],"line":224},"39":{"loc":{"start":{"line":230,"column":36},"end":{"line":230,"column":55}},"type":"binary-expr","locations":[{"start":{"line":230,"column":36},"end":{"line":230,"column":49}},{"start":{"line":230,"column":53},"end":{"line":230,"column":55}}],"line":230},"40":{"loc":{"start":{"line":232,"column":6},"end":{"line":236,"column":10}},"type":"if","locations":[{"start":{"line":232,"column":6},"end":{"line":236,"column":10}},{"start":{},"end":{}}],"line":232},"41":{"loc":{"start":{"line":245,"column":29},"end":{"line":245,"column":45}},"type":"binary-expr","locations":[{"start":{"line":245,"column":29},"end":{"line":245,"column":39}},{"start":{"line":245,"column":43},"end":{"line":245,"column":45}}],"line":245},"42":{"loc":{"start":{"line":246,"column":4},"end":{"line":256,"column":5}},"type":"if","locations":[{"start":{"line":246,"column":4},"end":{"line":256,"column":5}},{"start":{},"end":{}}],"line":246},"43":{"loc":{"start":{"line":250,"column":10},"end":{"line":250,"column":45}},"type":"binary-expr","locations":[{"start":{"line":250,"column":10},"end":{"line":250,"column":37}},{"start":{"line":250,"column":41},"end":{"line":250,"column":45}}],"line":250},"44":{"loc":{"start":{"line":251,"column":10},"end":{"line":251,"column":39}},"type":"binary-expr","locations":[{"start":{"line":251,"column":10},"end":{"line":251,"column":31}},{"start":{"line":251,"column":35},"end":{"line":251,"column":39}}],"line":251},"45":{"loc":{"start":{"line":252,"column":10},"end":{"line":252,"column":39}},"type":"binary-expr","locations":[{"start":{"line":252,"column":10},"end":{"line":252,"column":31}},{"start":{"line":252,"column":35},"end":{"line":252,"column":39}}],"line":252},"46":{"loc":{"start":{"line":261,"column":21},"end":{"line":261,"column":39}},"type":"binary-expr","locations":[{"start":{"line":261,"column":21},"end":{"line":261,"column":33}},{"start":{"line":261,"column":37},"end":{"line":261,"column":39}}],"line":261},"47":{"loc":{"start":{"line":264,"column":23},"end":{"line":264,"column":38}},"type":"binary-expr","locations":[{"start":{"line":264,"column":23},"end":{"line":264,"column":30}},{"start":{"line":264,"column":34},"end":{"line":264,"column":38}}],"line":264},"48":{"loc":{"start":{"line":264,"column":48},"end":{"line":264,"column":67}},"type":"binary-expr","locations":[{"start":{"line":264,"column":48},"end":{"line":264,"column":59}},{"start":{"line":264,"column":63},"end":{"line":264,"column":67}}],"line":264},"49":{"loc":{"start":{"line":266,"column":48},"end":{"line":266,"column":68}},"type":"binary-expr","locations":[{"start":{"line":266,"column":48},"end":{"line":266,"column":62}},{"start":{"line":266,"column":66},"end":{"line":266,"column":68}}],"line":266},"50":{"loc":{"start":{"line":278,"column":49},"end":{"line":278,"column":68}},"type":"binary-expr","locations":[{"start":{"line":278,"column":49},"end":{"line":278,"column":62}},{"start":{"line":278,"column":66},"end":{"line":278,"column":68}}],"line":278},"51":{"loc":{"start":{"line":283,"column":37},"end":{"line":283,"column":58}},"type":"binary-expr","locations":[{"start":{"line":283,"column":37},"end":{"line":283,"column":50}},{"start":{"line":283,"column":54},"end":{"line":283,"column":58}}],"line":283},"52":{"loc":{"start":{"line":285,"column":21},"end":{"line":285,"column":45}},"type":"binary-expr","locations":[{"start":{"line":285,"column":21},"end":{"line":285,"column":39}},{"start":{"line":285,"column":43},"end":{"line":285,"column":45}}],"line":285},"53":{"loc":{"start":{"line":288,"column":20},"end":{"line":288,"column":52}},"type":"binary-expr","locations":[{"start":{"line":288,"column":20},"end":{"line":288,"column":46}},{"start":{"line":288,"column":50},"end":{"line":288,"column":52}}],"line":288},"54":{"loc":{"start":{"line":291,"column":26},"end":{"line":291,"column":41}},"type":"binary-expr","locations":[{"start":{"line":291,"column":26},"end":{"line":291,"column":33}},{"start":{"line":291,"column":37},"end":{"line":291,"column":41}}],"line":291},"55":{"loc":{"start":{"line":291,"column":43},"end":{"line":291,"column":56}},"type":"binary-expr","locations":[{"start":{"line":291,"column":43},"end":{"line":291,"column":48}},{"start":{"line":291,"column":52},"end":{"line":291,"column":56}}],"line":291},"56":{"loc":{"start":{"line":298,"column":48},"end":{"line":298,"column":67}},"type":"binary-expr","locations":[{"start":{"line":298,"column":48},"end":{"line":298,"column":61}},{"start":{"line":298,"column":65},"end":{"line":298,"column":67}}],"line":298},"57":{"loc":{"start":{"line":300,"column":6},"end":{"line":300,"column":29}},"type":"if","locations":[{"start":{"line":300,"column":6},"end":{"line":300,"column":29}},{"start":{},"end":{}}],"line":300},"58":{"loc":{"start":{"line":309,"column":34},"end":{"line":309,"column":55}},"type":"binary-expr","locations":[{"start":{"line":309,"column":34},"end":{"line":309,"column":47}},{"start":{"line":309,"column":51},"end":{"line":309,"column":55}}],"line":309},"59":{"loc":{"start":{"line":309,"column":57},"end":{"line":309,"column":74}},"type":"cond-expr","locations":[{"start":{"line":309,"column":69},"end":{"line":309,"column":70}},{"start":{"line":309,"column":73},"end":{"line":309,"column":74}}],"line":309},"60":{"loc":{"start":{"line":315,"column":47},"end":{"line":315,"column":68}},"type":"binary-expr","locations":[{"start":{"line":315,"column":47},"end":{"line":315,"column":62}},{"start":{"line":315,"column":66},"end":{"line":315,"column":68}}],"line":315},"61":{"loc":{"start":{"line":317,"column":6},"end":{"line":317,"column":29}},"type":"if","locations":[{"start":{"line":317,"column":6},"end":{"line":317,"column":29}},{"start":{},"end":{}}],"line":317},"62":{"loc":{"start":{"line":319,"column":23},"end":{"line":319,"column":90}},"type":"binary-expr","locations":[{"start":{"line":319,"column":23},"end":{"line":319,"column":82}},{"start":{"line":319,"column":86},"end":{"line":319,"column":90}}],"line":319},"63":{"loc":{"start":{"line":322,"column":75},"end":{"line":322,"column":89}},"type":"binary-expr","locations":[{"start":{"line":322,"column":75},"end":{"line":322,"column":83}},{"start":{"line":322,"column":87},"end":{"line":322,"column":89}}],"line":322},"64":{"loc":{"start":{"line":328,"column":45},"end":{"line":328,"column":62}},"type":"binary-expr","locations":[{"start":{"line":328,"column":45},"end":{"line":328,"column":56}},{"start":{"line":328,"column":60},"end":{"line":328,"column":62}}],"line":328},"65":{"loc":{"start":{"line":340,"column":16},"end":{"line":340,"column":44}},"type":"binary-expr","locations":[{"start":{"line":340,"column":16},"end":{"line":340,"column":38}},{"start":{"line":340,"column":42},"end":{"line":340,"column":44}}],"line":340},"66":{"loc":{"start":{"line":341,"column":25},"end":{"line":341,"column":39}},"type":"binary-expr","locations":[{"start":{"line":341,"column":25},"end":{"line":341,"column":33}},{"start":{"line":341,"column":37},"end":{"line":341,"column":39}}],"line":341},"67":{"loc":{"start":{"line":343,"column":25},"end":{"line":343,"column":44}},"type":"binary-expr","locations":[{"start":{"line":343,"column":25},"end":{"line":343,"column":38}},{"start":{"line":343,"column":42},"end":{"line":343,"column":44}}],"line":343}},"s":{"0":0,"1":0,"2":0,"3":0,"4":0,"5":0,"6":0,"7":0,"8":0,"9":0,"10":0,"11":0,"12":0,"13":0,"14":0,"15":0,"16":0,"17":0,"18":0,"19":0,"20":0,"21":0,"22":0,"23":0,"24":0,"25":0,"26":0,"27":0,"28":0,"29":0,"30":0,"31":0,"32":0,"33":0,"34":0,"35":0,"36":0,"37":0,"38":0,"39":0,"40":0,"41":0,"42":0,"43":0,"44":0,"45":0,"46":0,"47":0,"48":0,"49":0,"50":0,"51":0,"52":0,"53":0,"54":0,"55":0,"56":0,"57":0,"58":0,"59":0,"60":0,"61":0,"62":0,"63":0,"64":0,"65":0,"66":0,"67":0,"68":0,"69":0,"70":0,"71":0,"72":0,"73":0,"74":0,"75":0,"76":0,"77":0,"78":0,"79":0,"80":0,"81":0,"82":0,"83":0,"84":0,"85":0,"86":0,"87":0,"88":0,"89":0,"90":0,"91":0,"92":0,"93":0,"94":0,"95":0,"96":0,"97":0,"98":0,"99":0,"100":0,"101":0,"102":0,"103":0,"104":0,"105":0,"106":0,"107":0,"108":0,"109":0,"110":0,"111":0,"112":0,"113":0,"114":0,"115":0,"116":0,"117":0,"118":0,"119":0,"120":0,"121":0,"122":0,"123":0,"124":0,"125":0,"126":0,"127":0,"128":0,"129":0,"130":0,"131":0,"132":0,"133":0,"134":0,"135":0,"136":0,"137":0,"138":0,"139":0,"140":0,"141":0,"142":0,"143":0,"144":0,"145":0,"146":0,"147":0,"148":0,"149":0,"150":0,"151":0,"152":0,"153":0},"f":{"0":0,"1":0,"2":0,"3":0,"4":0,"5":0,"6":0,"7":0,"8":0,"9":0,"10":0,"11":0,"12":0,"13":0,"14":0},"b":{"0":[0,0],"1":[0,0],"2":[0,0],"3":[0,0],"4":[0,0],"5":[0,0],"6":[0,0],"7":[0,0],"8":[0,0],"9":[0,0],"10":[0,0],"11":[0,0],"12":[0,0],"13":[0,0],"14":[0,0],"15":[0,0],"16":[0,0],"17":[0,0],"18":[0,0],"19":[0,0],"20":[0,0],"21":[0,0],"22":[0,0],"23":[0,0],"24":[0,0],"25":[0,0],"26":[0,0],"27":[0,0],"28":[0,0],"29":[0,0],"30":[0,0],"31":[0,0],"32":[0,0],"33":[0,0],"34":[0,0],"35":[0,0],"36":[0,0],"37":[0,0],"38":[0,0],"39":[0,0],"40":[0,0],"41":[0,0],"42":[0,0],"43":[0,0],"44":[0,0],"45":[0,0],"46":[0,0],"47":[0,0],"48":[0,0],"49":[0,0],"50":[0,0],"51":[0,0],"52":[0,0],"53":[0,0],"54":[0,0],"55":[0,0],"56":[0,0],"57":[0,0],"58":[0,0],"59":[0,0],"60":[0,0],"61":[0,0],"62":[0,0],"63":[0,0],"64":[0,0],"65":[0,0],"66":[0,0],"67":[0,0]}}
,"C:\\Users\\ASUS\\Desktop\\UTP\\Ciclo 7\\Integrador 1\\filesv6.0.1\\utils\\mailer.js": {"path":"C:\\Users\\ASUS\\Desktop\\UTP\\Ciclo 7\\Integrador 1\\filesv6.0.1\\utils\\mailer.js","statementMap":{"0":{"start":{"line":5,"column":19},"end":{"line":5,"column":40}},"1":{"start":{"line":6,"column":19},"end":{"line":6,"column":42}},"2":{"start":{"line":8,"column":20},"end":{"line":16,"column":2}},"3":{"start":{"line":20,"column":17},"end":{"line":20,"column":44}},"4":{"start":{"line":21,"column":2},"end":{"line":21,"column":28}},"5":{"start":{"line":21,"column":15},"end":{"line":21,"column":28}},"6":{"start":{"line":22,"column":2},"end":{"line":27,"column":3}},"7":{"start":{"line":23,"column":20},"end":{"line":23,"column":47}},"8":{"start":{"line":24,"column":4},"end":{"line":24,"column":56}},"9":{"start":{"line":26,"column":4},"end":{"line":26,"column":17}},"10":{"start":{"line":32,"column":20},"end":{"line":32,"column":74}},"11":{"start":{"line":33,"column":2},"end":{"line":51,"column":5}},"12":{"start":{"line":56,"column":2},"end":{"line":73,"column":5}},"13":{"start":{"line":76,"column":0},"end":{"line":76,"column":76}}},"fnMap":{"0":{"name":"emailDomainExists","decl":{"start":{"line":19,"column":15},"end":{"line":19,"column":32}},"loc":{"start":{"line":19,"column":40},"end":{"line":28,"column":1}},"line":19},"1":{"name":"sendContactEmail","decl":{"start":{"line":31,"column":15},"end":{"line":31,"column":31}},"loc":{"start":{"line":31,"column":75},"end":{"line":52,"column":1}},"line":31},"2":{"name":"sendRecoveryEmail","decl":{"start":{"line":55,"column":15},"end":{"line":55,"column":32}},"loc":{"start":{"line":55,"column":52},"end":{"line":74,"column":1}},"line":55}},"branchMap":{"0":{"loc":{"start":{"line":9,"column":10},"end":{"line":9,"column":53}},"type":"binary-expr","locations":[{"start":{"line":9,"column":10},"end":{"line":9,"column":31}},{"start":{"line":9,"column":37},"end":{"line":9,"column":53}}],"line":9},"1":{"loc":{"start":{"line":10,"column":10},"end":{"line":10,"column":48}},"type":"binary-expr","locations":[{"start":{"line":10,"column":10},"end":{"line":10,"column":41}},{"start":{"line":10,"column":45},"end":{"line":10,"column":48}}],"line":10},"2":{"loc":{"start":{"line":20,"column":18},"end":{"line":20,"column":29}},"type":"binary-expr","locations":[{"start":{"line":20,"column":18},"end":{"line":20,"column":23}},{"start":{"line":20,"column":27},"end":{"line":20,"column":29}}],"line":20},"3":{"loc":{"start":{"line":21,"column":2},"end":{"line":21,"column":28}},"type":"if","locations":[{"start":{"line":21,"column":2},"end":{"line":21,"column":28}},{"start":{},"end":{}}],"line":21},"4":{"loc":{"start":{"line":24,"column":11},"end":{"line":24,"column":55}},"type":"binary-expr","locations":[{"start":{"line":24,"column":11},"end":{"line":24,"column":33}},{"start":{"line":24,"column":37},"end":{"line":24,"column":55}}],"line":24},"5":{"loc":{"start":{"line":32,"column":20},"end":{"line":32,"column":74}},"type":"binary-expr","locations":[{"start":{"line":32,"column":20},"end":{"line":32,"column":49}},{"start":{"line":32,"column":53},"end":{"line":32,"column":74}}],"line":32}},"s":{"0":1,"1":1,"2":1,"3":5,"4":5,"5":3,"6":2,"7":2,"8":1,"9":1,"10":0,"11":0,"12":0,"13":1},"f":{"0":5,"1":0,"2":0},"b":{"0":[1,1],"1":[1,1],"2":[5,2],"3":[3,2],"4":[1,1],"5":[0,0]},"_coverageSchema":"1a1c01bbd47fc00a2c39e90264f33305004495a9","hash":"ad6083b58dbf2f0cf25411610032d67a5e9770c7"}
}
