TN:
SF:server.js
FN:40,(anonymous_0)
FN:42,(anonymous_1)
FN:72,(anonymous_2)
FN:75,(anonymous_3)
FN:87,(anonymous_4)
FN:104,requireAdmin
FN:121,(anonymous_6)
FN:155,(anonymous_7)
FN:164,(anonymous_8)
FN:176,(anonymous_9)
FN:194,(anonymous_10)
FN:210,(anonymous_11)
FN:221,(anonymous_12)
FN:235,(anonymous_13)
FN:251,(anonymous_14)
FN:322,(anonymous_15)
FN:348,(anonymous_16)
FN:372,(anonymous_17)
FN:401,(anonymous_18)
FN:419,(anonymous_19)
FN:435,(anonymous_20)
FN:452,(anonymous_21)
FN:458,(anonymous_22)
FNF:23
FNH:19
FNDA:42,(anonymous_0)
FNDA:168,(anonymous_1)
FNDA:0,(anonymous_2)
FNDA:3,(anonymous_3)
FNDA:4,(anonymous_4)
FNDA:11,requireAdmin
FNDA:1,(anonymous_6)
FNDA:1,(anonymous_7)
FNDA:1,(anonymous_8)
FNDA:3,(anonymous_9)
FNDA:2,(anonymous_10)
FNDA:1,(anonymous_11)
FNDA:1,(anonymous_12)
FNDA:1,(anonymous_13)
FNDA:8,(anonymous_14)
FNDA:4,(anonymous_15)
FNDA:3,(anonymous_16)
FNDA:0,(anonymous_17)
FNDA:3,(anonymous_18)
FNDA:3,(anonymous_19)
FNDA:3,(anonymous_20)
FNDA:0,(anonymous_21)
FNDA:0,(anonymous_22)
DA:1,4
DA:3,4
DA:5,4
DA:6,4
DA:7,4
DA:8,4
DA:9,4
DA:10,4
DA:11,4
DA:12,4
DA:14,4
DA:15,4
DA:16,4
DA:18,4
DA:20,4
DA:30,4
DA:31,4
DA:34,4
DA:35,4
DA:40,4
DA:41,42
DA:42,168
DA:43,0
DA:44,42
DA:46,4
DA:49,4
DA:54,4
DA:56,4
DA:61,4
DA:62,4
DA:65,4
DA:70,4
DA:72,4
DA:75,4
DA:76,3
DA:77,3
DA:78,3
DA:79,3
DA:80,3
DA:82,1
DA:83,1
DA:87,4
DA:88,4
DA:89,4
DA:90,3
DA:91,3
DA:92,1
DA:93,2
DA:94,2
DA:95,2
DA:96,2
DA:98,1
DA:99,1
DA:105,11
DA:106,11
DA:107,10
DA:108,10
DA:109,10
DA:110,10
DA:111,10
DA:112,1
DA:113,9
DA:114,10
DA:116,0
DA:121,4
DA:122,1
DA:123,1
DA:124,1
DA:125,1
DA:132,1
DA:146,1
DA:147,1
DA:149,0
DA:150,0
DA:155,4
DA:156,1
DA:157,1
DA:158,1
DA:159,1
DA:164,1
DA:169,1
DA:171,0
DA:176,4
DA:177,3
DA:178,3
DA:179,3
DA:180,3
DA:181,3
DA:182,3
DA:183,3
DA:184,2
DA:185,1
DA:186,1
DA:187,3
DA:189,0
DA:194,4
DA:195,2
DA:196,2
DA:197,2
DA:198,2
DA:199,2
DA:200,2
DA:201,1
DA:202,1
DA:203,2
DA:205,0
DA:210,4
DA:211,1
DA:212,1
DA:213,1
DA:214,1
DA:215,1
DA:221,1
DA:228,1
DA:230,0
DA:235,4
DA:236,1
DA:237,1
DA:238,1
DA:239,1
DA:243,1
DA:244,1
DA:246,0
DA:251,4
DA:252,8
DA:253,8
DA:254,7
DA:255,7
DA:256,7
DA:257,7
DA:258,7
DA:259,6
DA:262,6
DA:263,6
DA:264,1
DA:266,5
DA:267,5
DA:268,1
DA:269,1
DA:275,4
DA:276,0
DA:278,4
DA:279,4
DA:280,2
DA:281,2
DA:285,4
DA:286,2
DA:287,2
DA:288,2
DA:289,1
DA:290,1
DA:294,1
DA:296,1
DA:298,1
DA:302,2
DA:303,2
DA:309,2
DA:314,7
DA:316,0
DA:317,0
DA:322,4
DA:323,4
DA:324,4
DA:325,3
DA:326,3
DA:327,3
DA:328,3
DA:329,3
DA:330,2
DA:331,2
DA:333,1
DA:334,1
DA:335,1
DA:339,1
DA:340,3
DA:342,0
DA:343,0
DA:348,4
DA:349,3
DA:350,3
DA:351,2
DA:352,2
DA:353,2
DA:354,2
DA:355,2
DA:356,2
DA:357,2
DA:360,2
DA:361,1
DA:362,1
DA:363,1
DA:364,2
DA:366,0
DA:367,0
DA:372,4
DA:373,0
DA:374,0
DA:375,0
DA:376,0
DA:377,0
DA:378,0
DA:379,0
DA:380,0
DA:381,0
DA:382,0
DA:383,0
DA:384,0
DA:387,0
DA:390,0
DA:391,0
DA:392,0
DA:393,0
DA:395,0
DA:396,0
DA:401,4
DA:402,3
DA:403,3
DA:404,2
DA:405,2
DA:406,2
DA:407,2
DA:408,2
DA:409,2
DA:410,1
DA:411,2
DA:413,0
DA:414,0
DA:419,4
DA:420,3
DA:421,3
DA:422,1
DA:423,2
DA:424,2
DA:425,2
DA:426,1
DA:427,1
DA:429,0
DA:430,0
DA:435,4
DA:436,3
DA:437,3
DA:438,2
DA:439,2
DA:440,2
DA:441,1
DA:442,1
DA:444,0
DA:445,0
DA:449,4
DA:451,4
DA:452,0
DA:453,0
DA:454,0
DA:455,0
DA:456,0
DA:457,0
DA:458,0
DA:460,0
DA:461,0
DA:462,0
DA:467,4
LF:261
LH:210
BRDA:30,0,0,4
BRDA:30,0,1,4
BRDA:42,1,0,0
BRDA:42,1,1,42
BRDA:42,2,0,42
BRDA:42,2,1,42
BRDA:50,3,0,4
BRDA:50,3,1,0
BRDA:57,4,0,4
BRDA:57,4,1,0
BRDA:66,5,0,4
BRDA:66,5,1,0
BRDA:76,6,0,3
BRDA:76,6,1,2
BRDA:89,7,0,1
BRDA:89,7,1,3
BRDA:91,8,0,1
BRDA:91,8,1,2
BRDA:91,9,0,3
BRDA:91,9,1,3
BRDA:91,9,2,3
BRDA:106,10,0,1
BRDA:106,10,1,10
BRDA:111,11,0,1
BRDA:111,11,1,9
BRDA:111,12,0,10
BRDA:111,12,1,10
BRDA:166,13,0,1
BRDA:166,13,1,0
BRDA:177,14,0,3
BRDA:177,14,1,0
BRDA:178,15,0,0
BRDA:178,15,1,3
BRDA:183,16,0,1
BRDA:183,16,1,2
BRDA:184,17,0,1
BRDA:184,17,1,1
BRDA:185,18,0,1
BRDA:185,18,1,0
BRDA:199,19,0,0
BRDA:199,19,1,2
BRDA:200,20,0,1
BRDA:200,20,1,1
BRDA:223,21,0,1
BRDA:223,21,1,0
BRDA:252,22,0,8
BRDA:252,22,1,0
BRDA:253,23,0,1
BRDA:253,23,1,7
BRDA:253,24,0,8
BRDA:253,24,1,8
BRDA:258,25,0,1
BRDA:258,25,1,6
BRDA:262,26,0,6
BRDA:262,26,1,0
BRDA:263,27,0,1
BRDA:263,27,1,5
BRDA:267,28,0,1
BRDA:267,28,1,4
BRDA:267,29,0,5
BRDA:267,29,1,1
BRDA:275,30,0,0
BRDA:275,30,1,4
BRDA:275,31,0,4
BRDA:275,31,1,4
BRDA:279,32,0,2
BRDA:279,32,1,2
BRDA:285,33,0,2
BRDA:285,33,1,2
BRDA:286,34,0,2
BRDA:286,34,1,0
BRDA:287,35,0,2
BRDA:287,35,1,1
BRDA:288,36,0,1
BRDA:288,36,1,1
BRDA:302,37,0,2
BRDA:302,37,1,0
BRDA:311,38,0,2
BRDA:311,38,1,0
BRDA:323,39,0,4
BRDA:323,39,1,0
BRDA:324,40,0,1
BRDA:324,40,1,3
BRDA:324,41,0,4
BRDA:324,41,1,4
BRDA:324,41,2,3
BRDA:329,42,0,1
BRDA:329,42,1,2
BRDA:331,43,0,1
BRDA:331,43,1,1
BRDA:349,44,0,3
BRDA:349,44,1,0
BRDA:350,45,0,1
BRDA:350,45,1,2
BRDA:350,46,0,3
BRDA:350,46,1,3
BRDA:350,46,2,2
BRDA:355,47,0,0
BRDA:355,47,1,2
BRDA:357,48,0,0
BRDA:357,48,1,2
BRDA:360,49,0,1
BRDA:360,49,1,1
BRDA:374,50,0,0
BRDA:374,50,1,0
BRDA:375,51,0,0
BRDA:375,51,1,0
BRDA:376,52,0,0
BRDA:376,52,1,0
BRDA:381,53,0,0
BRDA:381,53,1,0
BRDA:382,54,0,0
BRDA:382,54,1,0
BRDA:384,55,0,0
BRDA:384,55,1,0
BRDA:387,56,0,0
BRDA:387,56,1,0
BRDA:402,57,0,3
BRDA:402,57,1,0
BRDA:403,58,0,1
BRDA:403,58,1,2
BRDA:403,59,0,3
BRDA:403,59,1,3
BRDA:409,60,0,1
BRDA:409,60,1,1
BRDA:420,61,0,3
BRDA:420,61,1,0
BRDA:421,62,0,1
BRDA:421,62,1,2
BRDA:421,63,0,3
BRDA:421,63,1,3
BRDA:421,63,2,2
BRDA:421,63,3,2
BRDA:425,64,0,1
BRDA:425,64,1,1
BRDA:436,65,0,3
BRDA:436,65,1,0
BRDA:437,66,0,1
BRDA:437,66,1,2
BRDA:437,67,0,3
BRDA:437,67,1,3
BRDA:440,68,0,1
BRDA:440,68,1,1
BRDA:449,69,0,4
BRDA:449,69,1,4
BRDA:451,70,0,0
BRDA:451,70,1,4
BRF:147
BRH:109
end_of_record
TN:
SF:db\mysql.js
FN:18,getPool
FN:30,buildDbJson
FN:41,(anonymous_2)
FN:58,(anonymous_3)
FN:70,(anonymous_4)
FN:96,(anonymous_5)
FN:97,(anonymous_6)
FN:104,(anonymous_7)
FN:167,(anonymous_8)
FN:196,(anonymous_9)
FN:197,(anonymous_10)
FN:207,saveDbJson
FN:208,(anonymous_12)
FN:210,(anonymous_13)
FN:245,(anonymous_14)
FNF:15
FNH:0
FNDA:0,getPool
FNDA:0,buildDbJson
FNDA:0,(anonymous_2)
FNDA:0,(anonymous_3)
FNDA:0,(anonymous_4)
FNDA:0,(anonymous_5)
FNDA:0,(anonymous_6)
FNDA:0,(anonymous_7)
FNDA:0,(anonymous_8)
FNDA:0,(anonymous_9)
FNDA:0,(anonymous_10)
FNDA:0,saveDbJson
FNDA:0,(anonymous_12)
FNDA:0,(anonymous_13)
FNDA:0,(anonymous_14)
DA:5,0
DA:8,0
DA:19,0
DA:20,0
DA:22,0
DA:32,0
DA:33,0
DA:34,0
DA:37,0
DA:41,0
DA:44,0
DA:51,0
DA:52,0
DA:53,0
DA:54,0
DA:55,0
DA:58,0
DA:66,0
DA:70,0
DA:72,0
DA:79,0
DA:80,0
DA:81,0
DA:82,0
DA:85,0
DA:86,0
DA:87,0
DA:88,0
DA:89,0
DA:90,0
DA:96,0
DA:97,0
DA:104,0
DA:105,0
DA:109,0
DA:110,0
DA:111,0
DA:112,0
DA:113,0
DA:114,0
DA:115,0
DA:116,0
DA:117,0
DA:121,0
DA:133,0
DA:134,0
DA:135,0
DA:136,0
DA:137,0
DA:145,0
DA:156,0
DA:157,0
DA:158,0
DA:159,0
DA:160,0
DA:161,0
DA:166,0
DA:167,0
DA:168,0
DA:169,0
DA:178,0
DA:179,0
DA:183,0
DA:188,0
DA:196,0
DA:197,0
DA:208,0
DA:210,0
DA:211,0
DA:212,0
DA:214,0
DA:217,0
DA:218,0
DA:221,0
DA:224,0
DA:225,0
DA:226,0
DA:230,0
DA:231,0
DA:232,0
DA:233,0
DA:240,0
DA:241,0
DA:242,0
DA:245,0
DA:246,0
DA:247,0
DA:259,0
DA:261,0
DA:262,0
DA:266,0
DA:267,0
DA:268,0
DA:272,0
DA:278,0
DA:279,0
DA:280,0
DA:281,0
DA:285,0
DA:286,0
DA:287,0
DA:288,0
DA:289,0
DA:298,0
DA:299,0
DA:300,0
DA:301,0
DA:302,0
DA:315,0
DA:316,0
DA:317,0
DA:318,0
DA:319,0
DA:320,0
DA:328,0
DA:329,0
DA:330,0
DA:331,0
DA:340,0
DA:341,0
DA:342,0
DA:343,0
DA:344,0
DA:346,0
DA:348,0
DA:349,0
DA:353,0
LF:127
LH:0
BRDA:9,0,0,0
BRDA:9,0,1,0
BRDA:10,1,0,0
BRDA:10,1,1,0
BRDA:11,2,0,0
BRDA:11,2,1,0
BRDA:12,3,0,0
BRDA:12,3,1,0
BRDA:13,4,0,0
BRDA:13,4,1,0
BRDA:19,5,0,0
BRDA:19,5,1,0
BRDA:37,6,0,0
BRDA:37,6,1,0
BRDA:44,7,0,0
BRDA:44,7,1,0
BRDA:53,8,0,0
BRDA:53,8,1,0
BRDA:54,9,0,0
BRDA:54,9,1,0
BRDA:60,10,0,0
BRDA:60,10,1,0
BRDA:61,11,0,0
BRDA:61,11,1,0
BRDA:66,12,0,0
BRDA:66,12,1,0
BRDA:72,13,0,0
BRDA:72,13,1,0
BRDA:81,14,0,0
BRDA:81,14,1,0
BRDA:87,15,0,0
BRDA:87,15,1,0
BRDA:88,16,0,0
BRDA:88,16,1,0
BRDA:89,17,0,0
BRDA:89,17,1,0
BRDA:99,18,0,0
BRDA:99,18,1,0
BRDA:105,19,0,0
BRDA:105,19,1,0
BRDA:111,20,0,0
BRDA:111,20,1,0
BRDA:113,21,0,0
BRDA:113,21,1,0
BRDA:115,22,0,0
BRDA:115,22,1,0
BRDA:116,23,0,0
BRDA:116,23,1,0
BRDA:121,24,0,0
BRDA:121,24,1,0
BRDA:136,25,0,0
BRDA:136,25,1,0
BRDA:139,26,0,0
BRDA:139,26,1,0
BRDA:140,27,0,0
BRDA:140,27,1,0
BRDA:145,28,0,0
BRDA:145,28,1,0
BRDA:159,29,0,0
BRDA:159,29,1,0
BRDA:160,30,0,0
BRDA:160,30,1,0
BRDA:168,31,0,0
BRDA:168,31,1,0
BRDA:172,32,0,0
BRDA:172,32,1,0
BRDA:174,33,0,0
BRDA:174,33,1,0
BRDA:175,34,0,0
BRDA:175,34,1,0
BRDA:178,35,0,0
BRDA:178,35,1,0
BRDA:208,36,0,0
BRDA:208,36,1,0
BRDA:212,37,0,0
BRDA:212,37,1,0
BRDA:224,38,0,0
BRDA:224,38,1,0
BRDA:230,39,0,0
BRDA:230,39,1,0
BRDA:232,40,0,0
BRDA:232,40,1,0
BRDA:245,41,0,0
BRDA:245,41,1,0
BRDA:246,42,0,0
BRDA:246,42,1,0
BRDA:250,43,0,0
BRDA:250,43,1,0
BRDA:251,44,0,0
BRDA:251,44,1,0
BRDA:252,45,0,0
BRDA:252,45,1,0
BRDA:261,46,0,0
BRDA:261,46,1,0
BRDA:264,47,0,0
BRDA:264,47,1,0
BRDA:264,48,0,0
BRDA:264,48,1,0
BRDA:266,49,0,0
BRDA:266,49,1,0
BRDA:278,50,0,0
BRDA:278,50,1,0
BRDA:283,51,0,0
BRDA:283,51,1,0
BRDA:285,52,0,0
BRDA:285,52,1,0
BRDA:288,53,0,0
BRDA:288,53,1,0
BRDA:291,54,0,0
BRDA:291,54,1,0
BRDA:291,55,0,0
BRDA:291,55,1,0
BRDA:298,56,0,0
BRDA:298,56,1,0
BRDA:300,57,0,0
BRDA:300,57,1,0
BRDA:309,58,0,0
BRDA:309,58,1,0
BRDA:309,59,0,0
BRDA:309,59,1,0
BRDA:315,60,0,0
BRDA:315,60,1,0
BRDA:317,61,0,0
BRDA:317,61,1,0
BRDA:319,62,0,0
BRDA:319,62,1,0
BRDA:322,63,0,0
BRDA:322,63,1,0
BRDA:328,64,0,0
BRDA:328,64,1,0
BRDA:340,65,0,0
BRDA:340,65,1,0
BRDA:341,66,0,0
BRDA:341,66,1,0
BRDA:343,67,0,0
BRDA:343,67,1,0
BRF:136
BRH:0
end_of_record
TN:
SF:utils\mailer.js
FN:19,emailDomainExists
FN:31,sendContactEmail
FN:55,sendRecoveryEmail
FNF:3
FNH:1
FNDA:5,emailDomainExists
FNDA:0,sendContactEmail
FNDA:0,sendRecoveryEmail
DA:5,1
DA:6,1
DA:8,1
DA:20,5
DA:21,5
DA:22,2
DA:23,2
DA:24,1
DA:26,1
DA:32,0
DA:33,0
DA:56,0
DA:76,1
LF:13
LH:10
BRDA:9,0,0,1
BRDA:9,0,1,1
BRDA:10,1,0,1
BRDA:10,1,1,1
BRDA:20,2,0,5
BRDA:20,2,1,2
BRDA:21,3,0,3
BRDA:21,3,1,2
BRDA:24,4,0,1
BRDA:24,4,1,1
BRDA:32,5,0,0
BRDA:32,5,1,0
BRF:12
BRH:10
end_of_record
